[35m[2024-05-02T14:37:24.733Z][36m [INFO]: [37mHTTP Server listening on port 3000[0m
[35m[2024-05-02T14:37:24.750Z][36m [INFO]: [37mConnected to MongoDB[0m
[35m[2024-05-02T14:37:30.578Z][36m [INFO]: [37mReceived join message from socket rLSVAz0WwHx66UpjAAAB[0m
[35m[2024-05-02T14:37:30.583Z][36m [INFO]: [37mUser with nickname joel has been validated.[0m
[35m[2024-05-02T14:37:30.583Z][33m [WARN]: [37mNo rooms available, creating new one...[0m
[35m[2024-05-02T14:37:30.583Z][36m [INFO]: [37mRoom 41b12c10-f764-40e8-bf3e-1b425f88a9ef match starting in 5000 ms.[0m
[35m[2024-05-02T14:37:30.583Z][36m [INFO]: [37mAssigned player with nickname joel to room 41b12c10-f764-40e8-bf3e-1b425f88a9ef[0m
[35m[2024-05-02T14:37:37.607Z][36m [INFO]: [37mRoom 41b12c10-f764-40e8-bf3e-1b425f88a9ef match has started[0m
[35m[2024-05-02T14:37:43.630Z][36m [INFO]: [37mRoom 41b12c10-f764-40e8-bf3e-1b425f88a9ef match has ended[0m
[35m[2024-05-02T14:37:43.631Z][36m [INFO]: [37mDeleting room 41b12c10-f764-40e8-bf3e-1b425f88a9ef[0m
[95m[2024-05-02T14:38:31.013Z][96m [INFO]: [97mHTTP Server listening on port 3000[0m
[95m[2024-05-02T14:38:31.031Z][96m [INFO]: [97mConnected to MongoDB[0m
[95m[2024-05-02T14:38:36.583Z][96m [INFO]: [97mReceived join message from socket s3i9uzw7wxo2S_dvAAAB[0m
[95m[2024-05-02T14:38:36.588Z][96m [INFO]: [97mUser with nickname joel has been validated.[0m
[95m[2024-05-02T14:38:36.589Z][93m [WARN]: [97mNo rooms available, creating new one...[0m
[95m[2024-05-02T14:38:36.589Z][96m [INFO]: [97mRoom b003c3db-f825-409e-b850-8805f0edc073 match starting in 5000 ms.[0m
[95m[2024-05-02T14:38:36.589Z][96m [INFO]: [97mAssigned player with nickname joel to room b003c3db-f825-409e-b850-8805f0edc073[0m
[95m[2024-05-02T14:38:43.618Z][96m [INFO]: [97mRoom b003c3db-f825-409e-b850-8805f0edc073 match has started[0m
[95m[2024-05-02T14:38:49.650Z][96m [INFO]: [97mRoom b003c3db-f825-409e-b850-8805f0edc073 match has ended[0m
[95m[2024-05-02T14:38:49.651Z][96m [INFO]: [97mDeleting room b003c3db-f825-409e-b850-8805f0edc073[0m
[95m[2024-05-02T14:39:40.628Z] [96m[INFO]: [97mHTTP Server listening on port 3000[0m
[95m[2024-05-02T14:39:40.645Z] [96m[INFO]: [97mConnected to MongoDB[0m
[95m[2024-05-02T14:40:24.760Z] [96m[INFO]: [97mHTTP Server listening on port 3000[0m
[95m[2024-05-02T14:40:24.778Z] [96m[INFO]: [97mConnected to MongoDB[0m
[95m[2024-05-02T14:40:50.961Z] [96m[INFO]: HTTP Server listening on port 3000[0m
[95m[2024-05-02T14:40:50.978Z] [96m[INFO]: Connected to MongoDB[0m
[95m[2024-05-02T14:41:40.699Z] [96m[INFO]: undefinedHTTP Server listening on port 3000[0m
[95m[2024-05-02T14:41:40.716Z] [96m[INFO]: undefinedConnected to MongoDB[0m
[95m[2024-05-02T14:41:50.066Z] [96m[INFO]: undefinedUnidentified socket with id _LkCIjvzjVm5JC5QAAAB has disconnected[0m
[95m[2024-05-02T14:41:52.155Z] [96m[INFO]: undefinedReceived join message from socket XnEMdYWNCKZQowdUAAAD[0m
[95m[2024-05-02T14:41:52.161Z] [96m[INFO]: undefinedUser with nickname joel has been validated.[0m
[95m[2024-05-02T14:41:52.162Z] [93m[WARN]: undefinedNo rooms available, creating new one...[0m
[95m[2024-05-02T14:41:52.162Z] [96m[INFO]: undefinedRoom 8b2388cb-cc8b-4024-9a3a-c55cab57cdd6 match starting in 5000 ms.[0m
[95m[2024-05-02T14:41:52.162Z] [96m[INFO]: undefinedAssigned player with nickname joel to room 8b2388cb-cc8b-4024-9a3a-c55cab57cdd6[0m
[95m[2024-05-02T14:41:59.173Z] [96m[INFO]: undefinedRoom 8b2388cb-cc8b-4024-9a3a-c55cab57cdd6 match has started[0m
[95m[2024-05-02T14:42:05.200Z] [96m[INFO]: undefinedRoom 8b2388cb-cc8b-4024-9a3a-c55cab57cdd6 match has ended[0m
[95m[2024-05-02T14:42:05.200Z] [96m[INFO]: undefinedDeleting room 8b2388cb-cc8b-4024-9a3a-c55cab57cdd6[0m
[95m[2024-05-02T14:42:24.268Z] [96m[INFO]: HTTP Server listening on port 3000[0m
[95m[2024-05-02T14:42:24.286Z] [96m[INFO]: Connected to MongoDB[0m
[95m[2024-05-02T14:43:16.891Z] [92m[INFO]: HTTP Server listening on port 3000[0m
[95m[2024-05-02T14:43:16.915Z] [92m[INFO]: Connected to MongoDB[0m
[95m[2024-05-02T14:44:27.304Z] [32m[INFO]: HTTP Server listening on port 3000[0m
[95m[2024-05-02T14:44:27.322Z] [32m[INFO]: Connected to MongoDB[0m
[95m[2024-05-02T14:44:36.971Z] [32m[INFO]: Received join message from socket -fB1Wpd7GKhm-7WDAAAB[0m
[95m[2024-05-02T14:44:36.979Z] [32m[INFO]: User with nickname joel has been validated.[0m
[95m[2024-05-02T14:44:36.980Z] [93m[WARN]: No rooms available, creating new one...[0m
[95m[2024-05-02T14:44:36.980Z] [32m[INFO]: Room 6bace71c-7ef1-4422-b159-eebcf7e04de0 match starting in 5000 ms.[0m
[95m[2024-05-02T14:44:36.980Z] [32m[INFO]: Assigned player with nickname joel to room 6bace71c-7ef1-4422-b159-eebcf7e04de0[0m
[95m[2024-05-02T14:44:44.007Z] [32m[INFO]: Room 6bace71c-7ef1-4422-b159-eebcf7e04de0 match has started[0m
[95m[2024-05-02T14:44:50.030Z] [32m[INFO]: Room 6bace71c-7ef1-4422-b159-eebcf7e04de0 match has ended[0m
[95m[2024-05-02T14:44:50.031Z] [32m[INFO]: Deleting room 6bace71c-7ef1-4422-b159-eebcf7e04de0[0m
[95m[2024-05-02T14:45:03.823Z] [96m[INFO]: HTTP Server listening on port 3000[0m
[95m[2024-05-02T14:45:03.845Z] [96m[INFO]: Connected to MongoDB[0m
[95m[2024-05-02T14:45:12.195Z] [96m[INFO]: Unidentified socket with id t9F_8vobPjYykTk5AAAB has disconnected[0m
[95m[2024-05-02T14:45:14.251Z] [96m[INFO]: Received join message from socket xfHDWw6GbYprFTQqAAAD[0m
[95m[2024-05-02T14:45:14.257Z] [96m[INFO]: User with nickname joel has been validated.[0m
[95m[2024-05-02T14:45:14.257Z] [93m[WARN]: No rooms available, creating new one...[0m
[95m[2024-05-02T14:45:14.257Z] [96m[INFO]: Room 2267f922-17b2-458f-8a94-a29c3e03f170 match starting in 5000 ms.[0m
[95m[2024-05-02T14:45:14.257Z] [96m[INFO]: Assigned player with nickname joel to room 2267f922-17b2-458f-8a94-a29c3e03f170[0m
[95m[2024-05-02T14:45:21.289Z] [96m[INFO]: Room 2267f922-17b2-458f-8a94-a29c3e03f170 match has started[0m
[95m[2024-05-02T14:45:27.319Z] [96m[INFO]: Room 2267f922-17b2-458f-8a94-a29c3e03f170 match has ended[0m
[95m[2024-05-02T14:45:27.320Z] [96m[INFO]: Deleting room 2267f922-17b2-458f-8a94-a29c3e03f170[0m
[95m[2024-05-02T14:45:51.920Z] [96m[INFO]: HTTP Server listening on port 3000[0m
[95m[2024-05-02T14:45:51.942Z] [96m[INFO]: Connected to MongoDB[0m
[95m[2024-05-02T14:45:55.335Z] [96m[INFO]: Received join message from socket iXs5iZTPJ7kKFEvWAAAB[0m
[95m[2024-05-02T14:45:55.340Z] [96m[INFO]: User with nickname joel has been validated.[0m
[95m[2024-05-02T14:45:55.340Z] [93m[WARN]: No rooms available, creating new one...[0m
[95m[2024-05-02T14:45:55.340Z] [96m[INFO]: Room 1a4fa41a-254f-46c2-ae88-d625bc4071d7 match starting in 5000 ms.[0m
[95m[2024-05-02T14:45:55.341Z] [96m[INFO]: Assigned player with nickname joel to room 1a4fa41a-254f-46c2-ae88-d625bc4071d7[0m
[95m[2024-05-02T14:46:02.371Z] [96m[INFO]: Room 1a4fa41a-254f-46c2-ae88-d625bc4071d7 match has started[0m
[95m[2024-05-02T14:46:08.394Z] [96m[INFO]: Room 1a4fa41a-254f-46c2-ae88-d625bc4071d7 match has ended[0m
[95m[2024-05-02T14:46:20.501Z] [96m[INFO]: HTTP Server listening on port 3000[0m
[95m[2024-05-02T14:46:20.517Z] [96m[INFO]: Connected to MongoDB[0m
[95m[2024-05-02T14:46:27.857Z] [96m[INFO]: Unidentified socket with id wsFj-wd4DQ4dHG8yAAAB has disconnected[0m
[95m[2024-05-02T14:46:31.925Z] [96m[INFO]: Received join message from socket BI7H-9wIfcYakXQjAAAD[0m
[95m[2024-05-02T14:46:31.931Z] [96m[INFO]: User with nickname joel has been validated.[0m
[95m[2024-05-02T14:46:31.931Z] [93m[WARN]: No rooms available, creating new one...[0m
[95m[2024-05-02T14:46:31.931Z] [96m[INFO]: Room c1f01ac8-88ef-4aa4-87a5-d0a04be718bd match starting in 5000 ms.[0m
[95m[2024-05-02T14:46:31.932Z] [96m[INFO]: Assigned player with nickname joel to room c1f01ac8-88ef-4aa4-87a5-d0a04be718bd[0m
[95m[2024-05-02T14:46:38.959Z] [96m[INFO]: Room c1f01ac8-88ef-4aa4-87a5-d0a04be718bd match has started[0m
[95m[2024-05-02T14:46:44.977Z] [96m[INFO]: Room c1f01ac8-88ef-4aa4-87a5-d0a04be718bd match has ended[0m
[95m[2024-05-02T14:46:44.978Z] [93m[WARN]: Deleting room c1f01ac8-88ef-4aa4-87a5-d0a04be718bd[0m
[95m[2024-05-02T15:00:59.388Z] [96m[INFO]: HTTP Server listening on port 3000[0m
[95m[2024-05-02T15:00:59.405Z] [96m[INFO]: Connected to MongoDB[0m
[95m[2024-05-02T15:01:10.759Z] [96m[INFO]: Received join message from socket kEQXcDsrzhWZH8isAAAB[0m
[95m[2024-05-02T15:01:10.764Z] [96m[INFO]: User with nickname alex has been validated.[0m
[95m[2024-05-02T15:01:10.764Z] [93m[WARN]: No rooms available, creating new one...[0m
[95m[2024-05-02T15:01:10.764Z] [96m[INFO]: Room 0615aa17-242d-4a0f-8495-897c62e48818 match starting in 5000 ms.[0m
[95m[2024-05-02T15:01:10.765Z] [96m[INFO]: Assigned player with nickname alex to room 0615aa17-242d-4a0f-8495-897c62e48818[0m
[95m[2024-05-02T15:01:17.793Z] [96m[INFO]: Room 0615aa17-242d-4a0f-8495-897c62e48818 match has started[0m
[95m[2024-05-02T15:01:23.824Z] [96m[INFO]: Room 0615aa17-242d-4a0f-8495-897c62e48818 match has ended[0m
[95m[2024-05-02T15:01:23.824Z] [93m[WARN]: Deleting room 0615aa17-242d-4a0f-8495-897c62e48818[0m
[95m[2024-05-02T15:10:01.409Z] [96m[INFO]: HTTP Server listening on port 3000[0m
[95m[2024-05-02T15:10:01.426Z] [96m[INFO]: Connected to MongoDB[0m
[95m[2024-05-02T15:10:04.889Z] [96m[INFO]: Received join message from socket -L9DowH9f1Fv4ZUfAAAB[0m
[95m[2024-05-02T15:10:04.895Z] [96m[INFO]: User with nickname alex has been validated.[0m
[95m[2024-05-02T15:10:04.895Z] [93m[WARN]: No rooms available, creating new one...[0m
[95m[2024-05-02T15:10:04.895Z] [96m[INFO]: Room 7826dac5-adcf-4bc8-ae41-a8b64184f850 match starting in 5000 ms.[0m
[95m[2024-05-02T15:10:04.895Z] [96m[INFO]: Assigned player with nickname alex to room 7826dac5-adcf-4bc8-ae41-a8b64184f850[0m
[95m[2024-05-02T15:10:11.927Z] [96m[INFO]: Room 7826dac5-adcf-4bc8-ae41-a8b64184f850 match has started[0m
[95m[2024-05-02T15:11:28.813Z] [96m[INFO]: HTTP Server listening on port 3000[0m
[95m[2024-05-02T15:11:28.830Z] [96m[INFO]: Connected to MongoDB[0m
[95m[2024-05-02T15:11:31.336Z] [96m[INFO]: Received join message from socket EVCFk3iw-o1pdnjQAAAB[0m
[95m[2024-05-02T15:11:31.343Z] [96m[INFO]: User with nickname alex has been validated.[0m
[95m[2024-05-02T15:11:31.344Z] [93m[WARN]: No rooms available, creating new one...[0m
[95m[2024-05-02T15:11:31.344Z] [96m[INFO]: Room 8b11d8e9-3379-48b3-b373-d7a134530360 match starting in 5000 ms.[0m
[95m[2024-05-02T15:11:31.344Z] [96m[INFO]: Assigned player with nickname alex to room 8b11d8e9-3379-48b3-b373-d7a134530360[0m
[95m[2024-05-02T15:11:38.376Z] [96m[INFO]: Room 8b11d8e9-3379-48b3-b373-d7a134530360 match has started[0m
[95m[2024-05-02T15:11:44.398Z] [96m[INFO]: Room 8b11d8e9-3379-48b3-b373-d7a134530360 match has ended[0m
[95m[2024-05-02T15:11:44.399Z] [93m[WARN]: Deleting room 8b11d8e9-3379-48b3-b373-d7a134530360[0m
[95m[2024-05-02T15:13:10.954Z] [96m[INFO]: User with nickname alex has disconnected.[0m
[95m[2024-05-02T15:13:18.706Z] [96m[INFO]: HTTP Server listening on port 3000[0m
[95m[2024-05-02T15:13:18.723Z] [96m[INFO]: Connected to MongoDB[0m
[95m[2024-05-02T15:13:20.864Z] [96m[INFO]: Received join message from socket Sxr_3J_mm89-uXTrAAAB[0m
[95m[2024-05-02T15:13:20.869Z] [96m[INFO]: User with nickname alex has been validated.[0m
[95m[2024-05-02T15:13:20.869Z] [93m[WARN]: No rooms available, creating new one...[0m
[95m[2024-05-02T15:13:20.869Z] [96m[INFO]: Room 42619cd1-31fe-48ee-8af1-a5f1f7f476d8 match starting in 5000 ms.[0m
[95m[2024-05-02T15:13:20.870Z] [96m[INFO]: Assigned player with nickname alex to room 42619cd1-31fe-48ee-8af1-a5f1f7f476d8[0m
[95m[2024-05-02T15:13:27.900Z] [96m[INFO]: Room 42619cd1-31fe-48ee-8af1-a5f1f7f476d8 match has started[0m
[95m[2024-05-02T15:13:33.928Z] [96m[INFO]: Room 42619cd1-31fe-48ee-8af1-a5f1f7f476d8 match has ended[0m
[95m[2024-05-02T15:13:33.929Z] [93m[WARN]: Deleting room 42619cd1-31fe-48ee-8af1-a5f1f7f476d8[0m
[95m[2024-05-02T15:16:10.825Z] [96m[INFO]: HTTP Server listening on port 3000[0m
[95m[2024-05-02T15:16:10.843Z] [96m[INFO]: Connected to MongoDB[0m
[95m[2024-05-02T15:16:12.323Z] [96m[INFO]: Received join message from socket lc4iO5gytV0RanDDAAAB[0m
[95m[2024-05-02T15:16:12.328Z] [96m[INFO]: User with nickname alex has been validated.[0m
[95m[2024-05-02T15:16:12.328Z] [93m[WARN]: No rooms available, creating new one...[0m
[95m[2024-05-02T15:16:12.329Z] [96m[INFO]: Room 15f6d006-fd51-495c-91d5-323cf44a6882 match starting in 5000 ms.[0m
[95m[2024-05-02T15:16:12.329Z] [96m[INFO]: Assigned player with nickname alex to room 15f6d006-fd51-495c-91d5-323cf44a6882[0m
[95m[2024-05-02T15:16:19.360Z] [96m[INFO]: Room 15f6d006-fd51-495c-91d5-323cf44a6882 match has started[0m
[95m[2024-05-02T15:16:25.385Z] [96m[INFO]: Room 15f6d006-fd51-495c-91d5-323cf44a6882 match has ended[0m
[95m[2024-05-02T15:16:25.386Z] [93m[WARN]: Deleting room 15f6d006-fd51-495c-91d5-323cf44a6882[0m
[95m[2024-05-02T15:17:06.427Z] [96m[INFO]: Received join message from socket lc4iO5gytV0RanDDAAAB[0m
[95m[2024-05-02T15:17:06.429Z] [96m[INFO]: User with nickname alex has been validated.[0m
[95m[2024-05-02T15:17:06.429Z] [93m[WARN]: No rooms available, creating new one...[0m
[95m[2024-05-02T15:17:06.429Z] [96m[INFO]: Room b8f79c88-96b7-4d7a-92b1-391fc5bacedc match starting in 5000 ms.[0m
[95m[2024-05-02T15:17:06.429Z] [96m[INFO]: Assigned player with nickname alex to room b8f79c88-96b7-4d7a-92b1-391fc5bacedc[0m
[95m[2024-05-02T15:17:11.497Z] [96m[INFO]: HTTP Server listening on port 3000[0m
[95m[2024-05-02T15:17:11.515Z] [96m[INFO]: Connected to MongoDB[0m
[95m[2024-05-02T15:17:13.384Z] [96m[INFO]: Received join message from socket nZzshC0t-_EMD3zPAAAB[0m
[95m[2024-05-02T15:17:13.390Z] [96m[INFO]: User with nickname alex has been validated.[0m
[95m[2024-05-02T15:17:13.390Z] [93m[WARN]: No rooms available, creating new one...[0m
[95m[2024-05-02T15:17:13.391Z] [96m[INFO]: Room 9d7a626d-e9ea-4d37-bf8f-6cf97e2b6407 match starting in 5000 ms.[0m
[95m[2024-05-02T15:17:13.391Z] [96m[INFO]: Assigned player with nickname alex to room 9d7a626d-e9ea-4d37-bf8f-6cf97e2b6407[0m
[95m[2024-05-02T15:18:07.656Z] [96m[INFO]: HTTP Server listening on port 3000[0m
[95m[2024-05-02T15:18:07.678Z] [96m[INFO]: Connected to MongoDB[0m
[95m[2024-05-02T15:18:12.566Z] [96m[INFO]: Received join message from socket frFzbEzFH2k7PbiYAAAB[0m
[95m[2024-05-02T15:18:12.571Z] [96m[INFO]: User with nickname alex has been validated.[0m
[95m[2024-05-02T15:18:12.571Z] [93m[WARN]: No rooms available, creating new one...[0m
[95m[2024-05-02T15:18:12.571Z] [96m[INFO]: Room b55388e4-2924-4086-b466-6a9ca032d053 match starting in 5000 ms.[0m
[95m[2024-05-02T15:18:12.571Z] [96m[INFO]: Assigned player with nickname alex to room b55388e4-2924-4086-b466-6a9ca032d053[0m
[95m[2024-05-02T15:18:19.602Z] [96m[INFO]: Room b55388e4-2924-4086-b466-6a9ca032d053 match has started[0m
[95m[2024-05-02T15:18:25.632Z] [96m[INFO]: Room b55388e4-2924-4086-b466-6a9ca032d053 match has ended[0m
[95m[2024-05-02T15:18:25.633Z] [93m[WARN]: Deleting room b55388e4-2924-4086-b466-6a9ca032d053[0m
[95m[2024-05-02T15:20:11.254Z] [96m[INFO]: HTTP Server listening on port 3000[0m
[95m[2024-05-02T15:20:11.271Z] [96m[INFO]: Connected to MongoDB[0m
[95m[2024-05-02T15:20:17.076Z] [96m[INFO]: Received join message from socket 1DNgchz0mGKT6A_DAAAB[0m
[95m[2024-05-02T15:20:17.084Z] [96m[INFO]: User with nickname alex has been validated.[0m
[95m[2024-05-02T15:20:17.084Z] [93m[WARN]: No rooms available, creating new one...[0m
[95m[2024-05-02T15:20:17.085Z] [96m[INFO]: Room d4c99b2b-b463-4d55-882f-73a7823e58da match starting in 5000 ms.[0m
[95m[2024-05-02T15:20:17.085Z] [96m[INFO]: Assigned player with nickname alex to room d4c99b2b-b463-4d55-882f-73a7823e58da[0m
[95m[2024-05-02T15:20:24.111Z] [96m[INFO]: Room d4c99b2b-b463-4d55-882f-73a7823e58da match has started[0m
[95m[2024-05-02T15:20:30.136Z] [96m[INFO]: Room d4c99b2b-b463-4d55-882f-73a7823e58da match has ended[0m
[95m[2024-05-02T15:20:30.138Z] [93m[WARN]: Deleting room d4c99b2b-b463-4d55-882f-73a7823e58da[0m
[95m[2024-05-02T15:23:30.640Z] [96m[INFO]: User with nickname alex has disconnected.[0m
[95m[2024-05-02T15:23:35.446Z] [96m[INFO]: HTTP Server listening on port 3000[0m
[95m[2024-05-02T15:23:35.464Z] [96m[INFO]: Connected to MongoDB[0m
[95m[2024-05-02T15:23:38.842Z] [96m[INFO]: Received join message from socket lRtBCw74xUisF5UGAAAB[0m
[95m[2024-05-02T15:23:38.849Z] [96m[INFO]: User with nickname alex has been validated.[0m
[95m[2024-05-02T15:23:38.850Z] [93m[WARN]: No rooms available, creating new one...[0m
[95m[2024-05-02T15:23:38.850Z] [96m[INFO]: Room e6798b78-9bba-43fe-b6d3-433badad806a match starting in 5000 ms.[0m
[95m[2024-05-02T15:23:38.850Z] [96m[INFO]: Assigned player with nickname alex to room e6798b78-9bba-43fe-b6d3-433badad806a[0m
[95m[2024-05-02T15:23:45.884Z] [96m[INFO]: Room e6798b78-9bba-43fe-b6d3-433badad806a match has started[0m
[95m[2024-05-02T15:23:51.916Z] [96m[INFO]: Room e6798b78-9bba-43fe-b6d3-433badad806a match has ended[0m
[95m[2024-05-02T15:23:51.917Z] [93m[WARN]: Deleting room e6798b78-9bba-43fe-b6d3-433badad806a[0m
[95m[2024-05-02T15:30:01.637Z] [96m[INFO]: HTTP Server listening on port 3000[0m
[95m[2024-05-02T15:30:01.655Z] [96m[INFO]: Connected to MongoDB[0m
[95m[2024-05-02T15:31:01.794Z] [96m[INFO]: HTTP Server listening on port 3000[0m
[95m[2024-05-02T15:31:01.811Z] [96m[INFO]: Connected to MongoDB[0m
[95m[2024-05-02T15:31:06.872Z] [96m[INFO]: Received join message from socket 9dXF9KaQbt4ZJbFEAAAB[0m
[95m[2024-05-02T15:31:06.877Z] [96m[INFO]: User with nickname alex has been validated.[0m
[95m[2024-05-02T15:31:06.877Z] [93m[WARN]: No rooms available, creating new one...[0m
[95m[2024-05-02T15:31:06.878Z] [96m[INFO]: Room 515d14b1-32e6-4cc8-936c-4d3290e9aa05 match starting in 5000 ms.[0m
[95m[2024-05-02T15:31:06.878Z] [96m[INFO]: Assigned player with nickname alex to room 515d14b1-32e6-4cc8-936c-4d3290e9aa05[0m
[95m[2024-05-02T15:31:13.910Z] [96m[INFO]: Room 515d14b1-32e6-4cc8-936c-4d3290e9aa05 match has started[0m
[95m[2024-05-02T15:31:13.915Z] [91m[ERROR]: Error while updating math 515d14b1-32e6-4cc8-936c-4d3290e9aa05 words. Cannot read properties of undefined (reading 'push')[0m
[95m[2024-05-02T15:31:19.938Z] [96m[INFO]: Room 515d14b1-32e6-4cc8-936c-4d3290e9aa05 match has ended[0m
[95m[2024-05-02T15:31:19.939Z] [93m[WARN]: Deleting room 515d14b1-32e6-4cc8-936c-4d3290e9aa05[0m
[95m[2024-05-02T15:34:57.846Z] [96m[INFO]: HTTP Server listening on port 3000[0m
[95m[2024-05-02T15:34:57.864Z] [96m[INFO]: Connected to MongoDB[0m
[95m[2024-05-02T15:35:00.251Z] [96m[INFO]: Received join message from socket -8YM5TCtq8uL5ptsAAAB[0m
[95m[2024-05-02T15:35:00.256Z] [96m[INFO]: User with nickname alex has been validated.[0m
[95m[2024-05-02T15:35:00.256Z] [93m[WARN]: No rooms available, creating new one...[0m
[95m[2024-05-02T15:35:00.257Z] [96m[INFO]: Room 2c2f7a15-2dc9-4f02-a613-6da2167242d8 match starting in 5000 ms.[0m
[95m[2024-05-02T15:35:00.257Z] [96m[INFO]: Assigned player with nickname alex to room 2c2f7a15-2dc9-4f02-a613-6da2167242d8[0m
[95m[2024-05-02T15:35:07.287Z] [96m[INFO]: Room 2c2f7a15-2dc9-4f02-a613-6da2167242d8 match has started[0m
[95m[2024-05-02T15:35:13.316Z] [96m[INFO]: Room 2c2f7a15-2dc9-4f02-a613-6da2167242d8 match has ended[0m
[95m[2024-05-02T15:35:13.316Z] [93m[WARN]: Deleting room 2c2f7a15-2dc9-4f02-a613-6da2167242d8[0m
[95m[2024-05-02T15:39:33.581Z] [96m[INFO]: HTTP Server listening on port 3000[0m
[95m[2024-05-02T15:39:33.598Z] [96m[INFO]: Connected to MongoDB[0m
[95m[2024-05-02T15:41:02.639Z] [96m[INFO]: HTTP Server listening on port 3000[0m
[95m[2024-05-02T15:41:02.656Z] [96m[INFO]: Connected to MongoDB[0m
[95m[2024-05-02T15:41:03.113Z] [96m[INFO]: Received kill signal, shutting down gracefully[0m
[95m[2024-05-02T15:41:07.028Z] [96m[INFO]: HTTP Server listening on port 3000[0m
[95m[2024-05-02T15:41:07.045Z] [96m[INFO]: Connected to MongoDB[0m
[95m[2024-05-02T15:45:20.192Z] [96m[INFO]: Received kill signal, shutting down gracefully[0m
[95m[2024-05-02T15:45:22.052Z] [96m[INFO]: HTTP Server listening on port 3000[0m
[95m[2024-05-02T15:45:22.070Z] [96m[INFO]: Connected to MongoDB[0m
[95m[2024-05-02T15:45:24.885Z] [96m[INFO]: Received join message from socket cKaDiCaWqdKpeOftAAAB[0m
[95m[2024-05-02T15:45:24.890Z] [96m[INFO]: User with nickname alex has been validated.[0m
[95m[2024-05-02T15:45:24.890Z] [93m[WARN]: No rooms available, creating new one...[0m
[95m[2024-05-02T15:45:24.891Z] [96m[INFO]: Room d4858520-6348-4f2b-b76e-f4e5c78deb2b match starting in 5000 ms.[0m
[95m[2024-05-02T15:45:24.891Z] [96m[INFO]: Assigned player with nickname alex to room d4858520-6348-4f2b-b76e-f4e5c78deb2b[0m
[95m[2024-05-02T15:45:31.925Z] [96m[INFO]: Room d4858520-6348-4f2b-b76e-f4e5c78deb2b match has started[0m
[95m[2024-05-02T15:45:37.946Z] [96m[INFO]: Room d4858520-6348-4f2b-b76e-f4e5c78deb2b match has ended[0m
[95m[2024-05-02T15:45:37.948Z] [93m[WARN]: Deleting room d4858520-6348-4f2b-b76e-f4e5c78deb2b[0m
[95m[2024-05-02T15:54:18.142Z] [96m[INFO]: Received kill signal, shutting down gracefully[0m
[95m[2024-05-02T15:54:33.812Z] [96m[INFO]: HTTP Server listening on port 3000[0m
[95m[2024-05-02T15:54:33.829Z] [96m[INFO]: Connected to MongoDB[0m
[95m[2024-05-02T15:54:36.507Z] [96m[INFO]: Unidentified socket with id FtsXLNMZwyMw7GjCAAAB has disconnected[0m
[95m[2024-05-02T15:54:38.865Z] [96m[INFO]: Received join message from socket YJ6S8moQYzaHHnPgAAAD[0m
[95m[2024-05-02T15:54:38.870Z] [96m[INFO]: User with nickname alex has been validated.[0m
[95m[2024-05-02T15:54:38.870Z] [93m[WARN]: No rooms available, creating new one...[0m
[95m[2024-05-02T15:54:38.870Z] [96m[INFO]: Room c948b6ac-1048-4daa-a7dd-f7a4dd5f04d1 match starting in 5000 ms.[0m
[95m[2024-05-02T15:54:38.871Z] [96m[INFO]: Assigned player with nickname alex to room c948b6ac-1048-4daa-a7dd-f7a4dd5f04d1[0m
[95m[2024-05-02T15:54:45.901Z] [96m[INFO]: Room c948b6ac-1048-4daa-a7dd-f7a4dd5f04d1 match has started[0m
[95m[2024-05-02T15:54:51.928Z] [96m[INFO]: Room c948b6ac-1048-4daa-a7dd-f7a4dd5f04d1 match has ended[0m
[95m[2024-05-02T15:54:51.929Z] [93m[WARN]: Deleting room c948b6ac-1048-4daa-a7dd-f7a4dd5f04d1[0m
[95m[2024-05-02T16:04:15.532Z] [96m[INFO]: Unidentified socket with id YJ6S8moQYzaHHnPgAAAD has disconnected[0m
[95m[2024-05-02T16:05:58.439Z] [96m[INFO]: Received kill signal, shutting down gracefully[0m
[95m[2024-05-02T16:06:00.291Z] [96m[INFO]: HTTP Server listening on port 3000[0m
[95m[2024-05-02T16:06:00.309Z] [96m[INFO]: Connected to MongoDB[0m
[95m[2024-05-02T16:06:04.084Z] [96m[INFO]: Received join message from socket GPJrM4RlcZZD8pgUAAAB[0m
[95m[2024-05-02T16:06:04.091Z] [96m[INFO]: User with nickname alex has been validated.[0m
[95m[2024-05-02T16:06:04.092Z] [93m[WARN]: No rooms available, creating new one...[0m
[95m[2024-05-02T16:06:04.092Z] [96m[INFO]: Room e6ed0ba8-eea0-4345-ba0b-cc530ebe99ef match starting in 5000 ms.[0m
[95m[2024-05-02T16:06:04.092Z] [96m[INFO]: Assigned player with nickname alex to room e6ed0ba8-eea0-4345-ba0b-cc530ebe99ef[0m
[95m[2024-05-02T16:06:10.723Z] [96m[INFO]: Unidentified socket with id GPJrM4RlcZZD8pgUAAAB has disconnected[0m
[95m[2024-05-02T16:06:11.120Z] [96m[INFO]: Room e6ed0ba8-eea0-4345-ba0b-cc530ebe99ef match has started[0m
[95m[2024-05-02T16:06:17.138Z] [96m[INFO]: Room e6ed0ba8-eea0-4345-ba0b-cc530ebe99ef match has ended[0m
[95m[2024-05-02T16:06:17.139Z] [93m[WARN]: Deleting room e6ed0ba8-eea0-4345-ba0b-cc530ebe99ef[0m
[95m[2024-05-02T16:15:34.774Z] [96m[INFO]: Received kill signal, shutting down gracefully[0m
[95m[2024-05-02T16:15:36.928Z] [96m[INFO]: HTTP Server listening on port 3000[0m
[95m[2024-05-02T16:15:36.969Z] [96m[INFO]: Connected to MongoDB[0m
[95m[2024-05-02T16:15:40.675Z] [96m[INFO]: Received join message from socket WrNrr6X69yRdpMKvAAAB[0m
[95m[2024-05-02T16:15:40.683Z] [96m[INFO]: User with nickname alex has been validated.[0m
[95m[2024-05-02T16:15:40.683Z] [93m[WARN]: No rooms available, creating new one...[0m
[95m[2024-05-02T16:15:40.684Z] [96m[INFO]: Room 9fa46d2f-65b7-43d4-84dc-8aa28e7c4da3 match starting in 5000 ms.[0m
[95m[2024-05-02T16:15:40.684Z] [96m[INFO]: Assigned player with nickname alex to room 9fa46d2f-65b7-43d4-84dc-8aa28e7c4da3[0m
[95m[2024-05-02T16:15:46.782Z] [96m[INFO]: Removed user with nickname alex from room 9fa46d2f-65b7-43d4-84dc-8aa28e7c4da3[0m
[95m[2024-05-02T16:15:46.782Z] [96m[INFO]: User with nickname alex has disconnected.[0m
[95m[2024-05-02T16:15:47.706Z] [96m[INFO]: Room 9fa46d2f-65b7-43d4-84dc-8aa28e7c4da3 match has started[0m
[95m[2024-05-02T16:15:53.738Z] [96m[INFO]: Room 9fa46d2f-65b7-43d4-84dc-8aa28e7c4da3 match has ended[0m
[95m[2024-05-02T16:15:53.739Z] [93m[WARN]: Deleting room 9fa46d2f-65b7-43d4-84dc-8aa28e7c4da3[0m
[95m[2024-05-02T19:03:03.854Z] [96m[INFO]: HTTP Server listening on port 80[0m
[95m[2024-05-02T19:03:33.096Z] [96m[INFO]: Received kill signal, shutting down gracefully[0m
[95m[2024-05-02T19:05:19.875Z] [96m[INFO]: HTTP Server listening on port 80[0m
[95m[2024-05-02T19:05:23.854Z] [96m[INFO]: Received kill signal, shutting down gracefully[0m
[95m[2024-05-02T19:05:53.021Z] [96m[INFO]: HTTP Server listening on port 80[0m
[95m[2024-05-02T19:05:55.395Z] [96m[INFO]: Received kill signal, shutting down gracefully[0m
[95m[2024-05-02T19:06:11.300Z] [96m[INFO]: HTTP Server listening on port 80[0m
[95m[2024-05-02T19:06:41.290Z] [91m[ERROR]: Unable to connect to MongoDB connect ECONNREFUSED ::1:27017, connect ECONNREFUSED 127.0.0.1:27017[0m
[95m[2024-05-02T19:07:44.124Z] [96m[INFO]: Received kill signal, shutting down gracefully[0m
[95m[2024-05-02T19:07:46.752Z] [96m[INFO]: HTTP Server listening on port 80[0m
[95m[2024-05-02T19:07:46.804Z] [91m[ERROR]: Unable to connect to MongoDB Authentication failed.[0m
[95m[2024-05-02T19:08:09.231Z] [96m[INFO]: Received kill signal, shutting down gracefully[0m
[95m[2024-05-02T19:08:11.866Z] [96m[INFO]: HTTP Server listening on port 80[0m
[95m[2024-05-02T19:08:11.895Z] [91m[ERROR]: Unable to connect to MongoDB Authentication failed.[0m
[95m[2024-05-02T19:08:13.426Z] [96m[INFO]: Received kill signal, shutting down gracefully[0m
[95m[2024-05-02T19:09:27.461Z] [96m[INFO]: HTTP Server listening on port 80[0m
[95m[2024-05-02T19:09:27.493Z] [91m[ERROR]: Unable to connect to MongoDB Authentication failed.[0m
[95m[2024-05-02T19:09:28.794Z] [96m[INFO]: Received kill signal, shutting down gracefully[0m
[95m[2024-05-02T19:10:12.095Z] [96m[INFO]: HTTP Server listening on port 80[0m
[95m[2024-05-02T19:10:42.095Z] [91m[ERROR]: Unable to connect to MongoDB getaddrinfo ENOTFOUND mongo-ams2-pj03[0m
[95m[2024-05-02T19:11:04.027Z] [96m[INFO]: Received kill signal, shutting down gracefully[0m
[95m[2024-05-02T19:11:06.617Z] [96m[INFO]: HTTP Server listening on port 80[0m
[95m[2024-05-02T19:11:28.163Z] [96m[INFO]: Received kill signal, shutting down gracefully[0m
[95m[2024-05-02T19:11:33.478Z] [96m[INFO]: HTTP Server listening on port 80[0m
[95m[2024-05-02T19:11:33.521Z] [91m[ERROR]: Unable to connect to MongoDB Authentication failed.[0m
[95m[2024-05-02T19:11:45.628Z] [96m[INFO]: Received kill signal, shutting down gracefully[0m
[95m[2024-05-02T19:11:48.274Z] [96m[INFO]: HTTP Server listening on port 80[0m
[95m[2024-05-02T19:11:48.304Z] [91m[ERROR]: Unable to connect to MongoDB Authentication failed.[0m
[95m[2024-05-02T19:11:49.121Z] [96m[INFO]: Received kill signal, shutting down gracefully[0m
[95m[2024-05-02T19:12:03.748Z] [96m[INFO]: HTTP Server listening on port 80[0m
[95m[2024-05-02T19:12:03.791Z] [91m[ERROR]: Unable to connect to MongoDB Authentication failed.[0m
[95m[2024-05-02T19:12:04.877Z] [96m[INFO]: Received kill signal, shutting down gracefully[0m
[95m[2024-05-02T19:12:39.626Z] [96m[INFO]: HTTP Server listening on port 80[0m
[95m[2024-05-02T19:12:39.667Z] [96m[INFO]: Connected to MongoDB[0m
[95m[2024-05-02T19:12:49.151Z] [96m[INFO]: Received join message from socket Nv5-w2NMlPXIO9m9AAAB[0m
[95m[2024-05-02T19:12:49.160Z] [93m[WARN]: No rooms available, creating new one...[0m
[95m[2024-05-02T19:12:49.162Z] [91m[ERROR]: Something went wrong while adding user with nickname alex to the room[0m
[95m[2024-05-02T19:13:29.347Z] [96m[INFO]: Received kill signal, shutting down gracefully[0m
[95m[2024-05-02T19:14:32.500Z] [96m[INFO]: HTTP Server listening on port 80[0m
[95m[2024-05-02T19:14:32.541Z] [96m[INFO]: Connected to MongoDB[0m
[95m[2024-05-02T19:14:36.364Z] [96m[INFO]: Received join message from socket ZTplEZtj6bFHxEx2AAAB[0m
[95m[2024-05-02T19:14:36.373Z] [93m[WARN]: Unable to authenticate user.[0m
[95m[2024-05-02T19:14:36.373Z] [93m[WARN]: No rooms available, creating new one...[0m
[95m[2024-05-02T19:14:36.374Z] [91m[ERROR]: Something went wrong while adding user with nickname alex to the room[0m
[95m[2024-05-02T19:15:05.168Z] [96m[INFO]: Received kill signal, shutting down gracefully[0m
[95m[2024-05-02T19:15:07.624Z] [96m[INFO]: HTTP Server listening on port 80[0m
[95m[2024-05-02T19:15:07.666Z] [96m[INFO]: Connected to MongoDB[0m
[95m[2024-05-02T19:15:08.694Z] [96m[INFO]: Received join message from socket zhatFsMd3TyD1mcMAAAB[0m
[95m[2024-05-02T19:15:08.703Z] [93m[WARN]: Unable to authenticate user.[0m
[95m[2024-05-02T19:17:47.639Z] [96m[INFO]: Received kill signal, shutting down gracefully[0m
[95m[2024-05-02T19:17:50.552Z] [96m[INFO]: HTTP Server listening on port 80[0m
[95m[2024-05-02T19:17:50.596Z] [96m[INFO]: Connected to MongoDB[0m
[95m[2024-05-02T19:17:54.520Z] [96m[INFO]: Received join message from socket uIZ9SEj2BAUwxJ4GAAAB[0m
[95m[2024-05-02T19:17:54.528Z] [93m[WARN]: Unable to authenticate user.[0m
[95m[2024-05-02T19:18:25.335Z] [96m[INFO]: Received kill signal, shutting down gracefully[0m
[95m[2024-05-02T19:18:27.432Z] [96m[INFO]: HTTP Server listening on port 80[0m
[95m[2024-05-02T19:18:27.474Z] [96m[INFO]: Connected to MongoDB[0m
[95m[2024-05-02T19:18:29.976Z] [96m[INFO]: Received join message from socket zv-hJngRfmh-olrRAAAB[0m
[95m[2024-05-02T19:18:29.986Z] [93m[WARN]: Unable to authenticate socket zv-hJngRfmh-olrRAAAB.[0m
[95m[2024-05-02T19:21:39.597Z] [96m[INFO]: Received kill signal, shutting down gracefully[0m
[95m[2024-05-02T19:21:42.182Z] [96m[INFO]: HTTP Server listening on port 80[0m
[95m[2024-05-02T19:21:42.225Z] [96m[INFO]: Connected to MongoDB[0m
[95m[2024-05-02T19:21:43.537Z] [96m[INFO]: Received join message from socket MBNG3TES0pi86WF0AAAB[0m
[95m[2024-05-02T19:21:43.546Z] [93m[WARN]: Unable to authenticate socket MBNG3TES0pi86WF0AAAB. Forcing disconnection.[0m
[95m[2024-05-02T19:22:04.464Z] [96m[INFO]: Received kill signal, shutting down gracefully[0m
[95m[2024-05-06T13:28:11.133Z] [96m[INFO]: HTTP Server listening on port 3000[0m
[95m[2024-05-06T13:28:14.271Z] [96m[INFO]: Received kill signal, shutting down gracefully[0m
[95m[2024-05-06T13:29:10.875Z] [96m[INFO]: HTTP Server listening on port 3000[0m
[95m[2024-05-06T13:29:10.889Z] [91m[ERROR]: Unable to connect to MongoDB Authentication failed.[0m
[95m[2024-05-06T13:29:18.954Z] [96m[INFO]: Received kill signal, shutting down gracefully[0m
[95m[2024-05-06T13:29:20.831Z] [96m[INFO]: HTTP Server listening on port 3000[0m
[95m[2024-05-06T13:29:20.847Z] [91m[ERROR]: Unable to connect to MongoDB Authentication failed.[0m
[95m[2024-05-06T13:29:21.744Z] [96m[INFO]: Received kill signal, shutting down gracefully[0m
[95m[2024-05-06T13:29:35.308Z] [96m[INFO]: HTTP Server listening on port 3000[0m
[95m[2024-05-06T13:29:35.322Z] [91m[ERROR]: Unable to connect to MongoDB Authentication failed.[0m
[95m[2024-05-06T13:31:18.960Z] [96m[INFO]: Received kill signal, shutting down gracefully[0m
[95m[2024-05-06T13:31:24.113Z] [96m[INFO]: HTTP Server listening on port 3000[0m
[95m[2024-05-06T13:31:24.127Z] [91m[ERROR]: Unable to connect to MongoDB Authentication failed.[0m
[95m[2024-05-06T13:31:31.084Z] [96m[INFO]: Received kill signal, shutting down gracefully[0m
[95m[2024-05-06T13:31:33.039Z] [96m[INFO]: HTTP Server listening on port 3000[0m
[95m[2024-05-06T13:31:33.053Z] [91m[ERROR]: Unable to connect to MongoDB Authentication failed.[0m
[95m[2024-05-06T13:31:34.504Z] [96m[INFO]: Received kill signal, shutting down gracefully[0m
[95m[2024-05-06T13:31:44.211Z] [96m[INFO]: HTTP Server listening on port 3000[0m
[95m[2024-05-06T13:31:44.229Z] [91m[ERROR]: Unable to connect to MongoDB Authentication failed.[0m
[95m[2024-05-06T13:31:44.943Z] [96m[INFO]: Received kill signal, shutting down gracefully[0m
[95m[2024-05-06T13:31:58.901Z] [96m[INFO]: HTTP Server listening on port 3000[0m
[95m[2024-05-06T13:31:58.916Z] [91m[ERROR]: Unable to connect to MongoDB Authentication failed.[0m
[95m[2024-05-06T13:35:10.422Z] [96m[INFO]: HTTP Server listening on port 3000[0m
[95m[2024-05-06T13:35:10.437Z] [91m[ERROR]: Unable to connect to MongoDB Authentication failed.[0m
[95m[2024-05-06T13:35:52.945Z] [96m[INFO]: Received kill signal, shutting down gracefully[0m
[95m[2024-05-06T13:37:37.632Z] [96m[INFO]: HTTP Server listening on port 3000[0m
[95m[2024-05-06T13:37:37.646Z] [91m[ERROR]: Unable to connect to MongoDB Authentication failed.[0m
[95m[2024-05-06T13:37:54.035Z] [96m[INFO]: Received kill signal, shutting down gracefully[0m
[95m[2024-05-06T13:37:56.183Z] [96m[INFO]: HTTP Server listening on port 3000[0m
[95m[2024-05-06T13:37:56.198Z] [91m[ERROR]: Unable to connect to MongoDB Authentication failed.[0m
[95m[2024-05-06T13:37:57.764Z] [96m[INFO]: Received kill signal, shutting down gracefully[0m
[95m[2024-05-06T13:41:17.153Z] [96m[INFO]: HTTP Server listening on port 3000[0m
[95m[2024-05-06T13:41:17.169Z] [96m[INFO]: Connected to MongoDB[0m
[95m[2024-05-06T13:41:41.254Z] [96m[INFO]: Received join message from socket NuvvOaBZ5b9mB7ciAAAB[0m
[95m[2024-05-06T13:41:41.266Z] [96m[INFO]: User with nickname alex has been validated.[0m
[95m[2024-05-06T13:41:41.266Z] [93m[WARN]: No rooms available, creating new one...[0m
[95m[2024-05-06T13:41:41.267Z] [96m[INFO]: Room ed74a3d5-5478-4a62-9f52-a81ce63d4d65 match starting in 5000 ms.[0m
[95m[2024-05-06T13:41:41.267Z] [96m[INFO]: Assigned player with nickname alex to room ed74a3d5-5478-4a62-9f52-a81ce63d4d65[0m
[95m[2024-05-06T13:41:48.297Z] [96m[INFO]: Room ed74a3d5-5478-4a62-9f52-a81ce63d4d65 match has started[0m
[95m[2024-05-06T13:42:58.767Z] [96m[INFO]: HTTP Server listening on port 3000[0m
[95m[2024-05-06T13:42:58.785Z] [96m[INFO]: Connected to MongoDB[0m
[95m[2024-05-06T13:43:02.101Z] [96m[INFO]: Received join message from socket m4kEt9NT4sMcQ-AkAAAB[0m
[95m[2024-05-06T13:43:02.110Z] [96m[INFO]: User with nickname alex has been validated.[0m
[95m[2024-05-06T13:43:02.110Z] [93m[WARN]: No rooms available, creating new one...[0m
[95m[2024-05-06T13:43:02.111Z] [96m[INFO]: Room 48ed4782-a259-4abb-a0f3-cfee40c13a00 match starting in 5000 ms.[0m
[95m[2024-05-06T13:43:02.111Z] [96m[INFO]: Assigned player with nickname alex to room 48ed4782-a259-4abb-a0f3-cfee40c13a00[0m
[95m[2024-05-06T13:43:09.141Z] [96m[INFO]: Room 48ed4782-a259-4abb-a0f3-cfee40c13a00 match has started[0m
[95m[2024-05-06T13:43:15.162Z] [96m[INFO]: Room 48ed4782-a259-4abb-a0f3-cfee40c13a00 match has ended[0m
[95m[2024-05-06T13:43:15.165Z] [93m[WARN]: Deleting room 48ed4782-a259-4abb-a0f3-cfee40c13a00[0m
[95m[2024-05-06T13:46:00.879Z] [96m[INFO]: HTTP Server listening on port 3000[0m
[95m[2024-05-06T13:46:00.898Z] [96m[INFO]: Connected to MongoDB[0m
[95m[2024-05-06T13:46:06.698Z] [96m[INFO]: Received join message from socket oc5fCi30qUq4KvngAAAB[0m
[95m[2024-05-06T13:46:06.703Z] [96m[INFO]: User with nickname alex has been validated.[0m
[95m[2024-05-06T13:46:06.703Z] [93m[WARN]: No rooms available, creating new one...[0m
[95m[2024-05-06T13:46:06.703Z] [96m[INFO]: Room 81b417e4-18c3-42ff-a843-b80545e52eb8 match starting in 5000 ms.[0m
[95m[2024-05-06T13:46:06.703Z] [96m[INFO]: Assigned player with nickname alex to room 81b417e4-18c3-42ff-a843-b80545e52eb8[0m
[95m[2024-05-06T13:46:11.576Z] [93m[WARN]: Received word message but the assigned room match has not started.[0m
[95m[2024-05-06T13:46:13.731Z] [96m[INFO]: Room 81b417e4-18c3-42ff-a843-b80545e52eb8 match has started[0m
[95m[2024-05-06T13:47:04.954Z] [96m[INFO]: Room 81b417e4-18c3-42ff-a843-b80545e52eb8 match has ended[0m
[95m[2024-05-06T13:47:04.955Z] [93m[WARN]: Deleting room 81b417e4-18c3-42ff-a843-b80545e52eb8[0m
[95m[2024-05-06T13:48:40.309Z] [96m[INFO]: HTTP Server listening on port 3000[0m
[95m[2024-05-06T13:48:40.327Z] [96m[INFO]: Connected to MongoDB[0m
[95m[2024-05-06T13:48:43.262Z] [96m[INFO]: Received join message from socket zY3Qba09N5gHNVXiAAAB[0m
[95m[2024-05-06T13:48:43.274Z] [96m[INFO]: User with nickname alex has been validated.[0m
[95m[2024-05-06T13:48:43.275Z] [93m[WARN]: No rooms available, creating new one...[0m
[95m[2024-05-06T13:48:43.275Z] [96m[INFO]: Room 924a17df-7718-46ac-bc30-fc1d39fecb94 match starting in 5000 ms.[0m
[95m[2024-05-06T13:48:43.276Z] [96m[INFO]: Assigned player with nickname alex to room 924a17df-7718-46ac-bc30-fc1d39fecb94[0m
[95m[2024-05-06T13:48:50.300Z] [96m[INFO]: Room 924a17df-7718-46ac-bc30-fc1d39fecb94 match has started[0m
[95m[2024-05-06T13:49:41.489Z] [96m[INFO]: Room 924a17df-7718-46ac-bc30-fc1d39fecb94 match has ended[0m
[95m[2024-05-06T13:49:41.490Z] [93m[WARN]: Deleting room 924a17df-7718-46ac-bc30-fc1d39fecb94[0m
[95m[2024-05-06T13:53:21.918Z] [96m[INFO]: Received kill signal, shutting down gracefully[0m
[95m[2024-05-06T13:53:23.997Z] [96m[INFO]: HTTP Server listening on port 3000[0m
[95m[2024-05-06T13:53:24.014Z] [96m[INFO]: Connected to MongoDB[0m
[95m[2024-05-06T13:53:26.352Z] [96m[INFO]: Received join message from socket u4idcmwcglgoR_gEAAAB[0m
[95m[2024-05-06T13:53:26.359Z] [96m[INFO]: User with nickname alex has been validated.[0m
[95m[2024-05-06T13:53:26.359Z] [93m[WARN]: No rooms available, creating new one...[0m
[95m[2024-05-06T13:53:26.360Z] [96m[INFO]: Room 61665a58-dcbf-4b63-8973-4059c5ede218 match starting in 5000 ms.[0m
[95m[2024-05-06T13:53:26.360Z] [96m[INFO]: Assigned player with nickname alex to room 61665a58-dcbf-4b63-8973-4059c5ede218[0m
[95m[2024-05-06T13:53:33.390Z] [96m[INFO]: Room 61665a58-dcbf-4b63-8973-4059c5ede218 match has started[0m
[95m[2024-05-06T13:54:24.595Z] [96m[INFO]: Room 61665a58-dcbf-4b63-8973-4059c5ede218 match has ended[0m
[95m[2024-05-06T13:54:24.596Z] [93m[WARN]: Deleting room 61665a58-dcbf-4b63-8973-4059c5ede218[0m
[95m[2024-05-06T14:02:56.013Z] [96m[INFO]: Received kill signal, shutting down gracefully[0m
[95m[2024-05-06T14:02:59.071Z] [96m[INFO]: HTTP Server listening on port 3000[0m
[95m[2024-05-06T14:02:59.088Z] [96m[INFO]: Connected to MongoDB[0m
[95m[2024-05-06T14:03:00.700Z] [96m[INFO]: Received join message from socket 7yBPnYf3ChiM2yfgAAAB[0m
[95m[2024-05-06T14:03:00.706Z] [96m[INFO]: User with nickname alex has been validated.[0m
[95m[2024-05-06T14:03:00.706Z] [93m[WARN]: No rooms available, creating new one...[0m
[95m[2024-05-06T14:03:00.706Z] [96m[INFO]: Room 31681e68-fbfd-4946-ac63-ccee6891c67b match starting in 5000 ms.[0m
[95m[2024-05-06T14:03:00.707Z] [96m[INFO]: Assigned player with nickname alex to room 31681e68-fbfd-4946-ac63-ccee6891c67b[0m
[95m[2024-05-06T14:03:07.740Z] [96m[INFO]: Room 31681e68-fbfd-4946-ac63-ccee6891c67b match has started[0m
[95m[2024-05-06T14:03:58.945Z] [96m[INFO]: Room 31681e68-fbfd-4946-ac63-ccee6891c67b match has ended[0m
[95m[2024-05-06T14:03:58.946Z] [93m[WARN]: Deleting room 31681e68-fbfd-4946-ac63-ccee6891c67b[0m
[95m[2024-05-06T14:08:13.302Z] [96m[INFO]: Received kill signal, shutting down gracefully[0m
[95m[2024-05-06T14:08:15.057Z] [96m[INFO]: HTTP Server listening on port 3000[0m
[95m[2024-05-06T14:08:15.072Z] [96m[INFO]: Connected to MongoDB[0m
[95m[2024-05-06T14:08:17.648Z] [96m[INFO]: Received join message from socket O4wJLHzERabThqFtAAAB[0m
[95m[2024-05-06T14:08:17.654Z] [96m[INFO]: User with nickname alex has been validated.[0m
[95m[2024-05-06T14:08:17.654Z] [93m[WARN]: No rooms available, creating new one...[0m
[95m[2024-05-06T14:08:17.654Z] [96m[INFO]: Room 9cf73cbc-e724-4d7e-a751-0f33a79ddd25 match starting in 5000 ms.[0m
[95m[2024-05-06T14:08:17.655Z] [96m[INFO]: Assigned player with nickname alex to room 9cf73cbc-e724-4d7e-a751-0f33a79ddd25[0m
[95m[2024-05-06T14:08:24.692Z] [96m[INFO]: Room 9cf73cbc-e724-4d7e-a751-0f33a79ddd25 match has started[0m
[95m[2024-05-06T14:08:28.528Z] [96m[INFO]: Removed user with nickname alex from room 9cf73cbc-e724-4d7e-a751-0f33a79ddd25[0m
[95m[2024-05-06T14:08:28.528Z] [96m[INFO]: User with nickname alex has disconnected.[0m
[95m[2024-05-06T14:08:32.557Z] [96m[INFO]: Received join message from socket pR0xZmIeiYezWZvEAAAD[0m
[95m[2024-05-06T14:08:32.559Z] [96m[INFO]: User with nickname alex has been validated.[0m
[95m[2024-05-06T14:08:32.559Z] [93m[WARN]: No rooms available, creating new one...[0m
[95m[2024-05-06T14:08:32.560Z] [96m[INFO]: Room a1f32a36-3120-4821-9b84-14bef2f82a2c match starting in 5000 ms.[0m
[95m[2024-05-06T14:08:32.560Z] [96m[INFO]: Assigned player with nickname alex to room a1f32a36-3120-4821-9b84-14bef2f82a2c[0m
[95m[2024-05-06T14:08:39.590Z] [96m[INFO]: Room a1f32a36-3120-4821-9b84-14bef2f82a2c match has started[0m
[95m[2024-05-06T14:08:46.383Z] [96m[INFO]: the word AIGUA exists[0m
[95m[2024-05-06T14:08:46.384Z] [96m[INFO]: the lower cased word is aigua[0m
[95m[2024-05-06T14:08:46.384Z] [96m[INFO]: the letter array is a,e,g,j,p,a,w,i,e,l[0m
[95m[2024-05-06T14:08:46.384Z] [96m[INFO]: evaluating a[0m
[95m[2024-05-06T14:08:46.384Z] [96m[INFO]: evaluating i[0m
[95m[2024-05-06T14:08:46.384Z] [96m[INFO]: evaluating g[0m
[95m[2024-05-06T14:08:46.384Z] [96m[INFO]: evaluating u[0m
[95m[2024-05-06T14:09:08.902Z] [96m[INFO]: the word PA exists[0m
[95m[2024-05-06T14:09:08.902Z] [96m[INFO]: the lower cased word is pa[0m
[95m[2024-05-06T14:09:08.902Z] [96m[INFO]: the letter array is a,e,g,j,p,a,w,i,e,l[0m
[95m[2024-05-06T14:09:08.903Z] [96m[INFO]: evaluating p[0m
[95m[2024-05-06T14:09:08.903Z] [96m[INFO]: evaluating a[0m
[95m[2024-05-06T14:09:08.903Z] [96m[INFO]: all letters are valid for word PA[0m
[95m[2024-05-06T14:09:15.733Z] [96m[INFO]: Room 9cf73cbc-e724-4d7e-a751-0f33a79ddd25 match has ended[0m
[95m[2024-05-06T14:09:15.733Z] [93m[WARN]: Deleting room 9cf73cbc-e724-4d7e-a751-0f33a79ddd25[0m
[95m[2024-05-06T14:09:30.769Z] [96m[INFO]: Room a1f32a36-3120-4821-9b84-14bef2f82a2c match has ended[0m
[95m[2024-05-06T14:09:30.770Z] [93m[WARN]: Deleting room a1f32a36-3120-4821-9b84-14bef2f82a2c[0m
[95m[2024-05-06T14:15:38.823Z] [96m[INFO]: Received kill signal, shutting down gracefully[0m
[95m[2024-05-06T14:15:40.957Z] [96m[INFO]: HTTP Server listening on port 3000[0m
[95m[2024-05-06T14:15:40.978Z] [96m[INFO]: Connected to MongoDB[0m
[95m[2024-05-06T14:15:42.802Z] [96m[INFO]: Received join message from socket U4vmcCi4eA6Tx6N_AAAB[0m
[95m[2024-05-06T14:15:42.817Z] [96m[INFO]: User with nickname alex has been validated.[0m
[95m[2024-05-06T14:15:42.818Z] [93m[WARN]: No rooms available, creating new one...[0m
[95m[2024-05-06T14:15:42.820Z] [96m[INFO]: Room 0f1c3376-f9ff-4c5b-991e-3dd195738762 match starting in 5000 ms.[0m
[95m[2024-05-06T14:15:42.821Z] [96m[INFO]: Assigned player with nickname alex to room 0f1c3376-f9ff-4c5b-991e-3dd195738762[0m
[95m[2024-05-06T14:18:33.032Z] [96m[INFO]: HTTP Server listening on port 3000[0m
[95m[2024-05-06T14:18:33.050Z] [96m[INFO]: Connected to MongoDB[0m
[95m[2024-05-06T14:18:39.570Z] [96m[INFO]: Received join message from socket x1fyvFmEZYhgjJurAAAB[0m
[95m[2024-05-06T14:18:39.575Z] [96m[INFO]: User with nickname alex has been validated.[0m
[95m[2024-05-06T14:18:39.575Z] [93m[WARN]: No rooms available, creating new one...[0m
[95m[2024-05-06T14:18:39.576Z] [96m[INFO]: Room b046552b-24de-4145-920c-fb25f8f33248 match starting in 5000 ms.[0m
[95m[2024-05-06T14:18:39.576Z] [96m[INFO]: Assigned player with nickname alex to room b046552b-24de-4145-920c-fb25f8f33248[0m
[95m[2024-05-06T14:23:23.663Z] [96m[INFO]: HTTP Server listening on port 3000[0m
[95m[2024-05-06T14:23:23.680Z] [96m[INFO]: Connected to MongoDB[0m
[95m[2024-05-06T14:23:26.963Z] [96m[INFO]: Received join message from socket 2A1PYlZhMdZZKrJ-AAAB[0m
[95m[2024-05-06T14:23:26.971Z] [96m[INFO]: User with nickname alex has been validated.[0m
[95m[2024-05-06T14:23:26.971Z] [93m[WARN]: No rooms available, creating new one...[0m
[95m[2024-05-06T14:23:26.971Z] [96m[INFO]: Room ebc09a99-d462-4060-9fcd-59f690b02f07 match starting in 5000 ms.[0m
[95m[2024-05-06T14:23:26.971Z] [96m[INFO]: Assigned player with nickname alex to room ebc09a99-d462-4060-9fcd-59f690b02f07[0m
[95m[2024-05-06T14:23:33.997Z] [96m[INFO]: Room ebc09a99-d462-4060-9fcd-59f690b02f07 match has started[0m
[95m[2024-05-06T14:24:07.093Z] [96m[INFO]: Removed user with nickname alex from room ebc09a99-d462-4060-9fcd-59f690b02f07[0m
[95m[2024-05-06T14:24:07.093Z] [96m[INFO]: User with nickname alex has disconnected.[0m
[95m[2024-05-06T14:24:14.971Z] [96m[INFO]: Received kill signal, shutting down gracefully[0m
[95m[2024-05-06T14:26:35.401Z] [96m[INFO]: HTTP Server listening on port 3000[0m
[95m[2024-05-06T14:26:35.417Z] [96m[INFO]: Connected to MongoDB[0m
[95m[2024-05-06T14:26:37.672Z] [96m[INFO]: Received join message from socket ztB9rzGtE9rCwg8uAAAB[0m
[95m[2024-05-06T14:26:37.678Z] [96m[INFO]: User with nickname alex has been validated.[0m
[95m[2024-05-06T14:26:37.678Z] [93m[WARN]: No rooms available, creating new one...[0m
[95m[2024-05-06T14:26:37.678Z] [96m[INFO]: Room 18c36554-e12a-4219-a56a-7f2d95908b6c match starting in 5000 ms.[0m
[95m[2024-05-06T14:26:37.678Z] [96m[INFO]: Assigned player with nickname alex to room 18c36554-e12a-4219-a56a-7f2d95908b6c[0m
[95m[2024-05-06T14:26:44.711Z] [96m[INFO]: Room 18c36554-e12a-4219-a56a-7f2d95908b6c match has started[0m
[95m[2024-05-06T14:27:02.474Z] [96m[INFO]: the word OS exists[0m
[95m[2024-05-06T14:27:02.474Z] [96m[INFO]: the lower cased word is os[0m
[95m[2024-05-06T14:27:02.475Z] [96m[INFO]: the letter array is e,i,x,b,n,z,s,o,a,u[0m
[95m[2024-05-06T14:27:02.475Z] [96m[INFO]: evaluating o[0m
[95m[2024-05-06T14:27:02.475Z] [96m[INFO]: evaluating s[0m
[95m[2024-05-06T14:27:02.475Z] [96m[INFO]: all letters are valid for word OS[0m
[95m[2024-05-06T14:27:08.006Z] [96m[INFO]: the word SO exists[0m
[95m[2024-05-06T14:27:08.006Z] [96m[INFO]: the lower cased word is so[0m
[95m[2024-05-06T14:27:08.006Z] [96m[INFO]: the letter array is e,i,x,b,n,z,s,o,a,u[0m
[95m[2024-05-06T14:27:08.006Z] [96m[INFO]: evaluating s[0m
[95m[2024-05-06T14:27:08.006Z] [96m[INFO]: evaluating o[0m
[95m[2024-05-06T14:27:08.006Z] [96m[INFO]: all letters are valid for word SO[0m
[95m[2024-05-06T14:27:27.285Z] [96m[INFO]: the word BOU exists[0m
[95m[2024-05-06T14:27:27.285Z] [96m[INFO]: the lower cased word is bou[0m
[95m[2024-05-06T14:27:27.286Z] [96m[INFO]: the letter array is e,i,x,b,n,z,s,o,a,u[0m
[95m[2024-05-06T14:27:27.286Z] [96m[INFO]: evaluating b[0m
[95m[2024-05-06T14:27:27.286Z] [96m[INFO]: evaluating o[0m
[95m[2024-05-06T14:27:27.286Z] [96m[INFO]: evaluating u[0m
[95m[2024-05-06T14:27:27.286Z] [96m[INFO]: all letters are valid for word BOU[0m
[95m[2024-05-06T14:27:29.096Z] [96m[INFO]: the word BO exists[0m
[95m[2024-05-06T14:27:29.096Z] [96m[INFO]: the lower cased word is bo[0m
[95m[2024-05-06T14:27:29.096Z] [96m[INFO]: the letter array is e,i,x,b,n,z,s,o,a,u[0m
[95m[2024-05-06T14:27:29.096Z] [96m[INFO]: evaluating b[0m
[95m[2024-05-06T14:27:29.096Z] [96m[INFO]: evaluating o[0m
[95m[2024-05-06T14:27:29.096Z] [96m[INFO]: all letters are valid for word BO[0m
[95m[2024-05-06T14:27:33.714Z] [96m[INFO]: the word AU exists[0m
[95m[2024-05-06T14:27:33.714Z] [96m[INFO]: the lower cased word is au[0m
[95m[2024-05-06T14:27:33.714Z] [96m[INFO]: the letter array is e,i,x,b,n,z,s,o,a,u[0m
[95m[2024-05-06T14:27:33.714Z] [96m[INFO]: evaluating a[0m
[95m[2024-05-06T14:27:33.714Z] [96m[INFO]: evaluating u[0m
[95m[2024-05-06T14:27:33.714Z] [96m[INFO]: all letters are valid for word AU[0m
[95m[2024-05-06T14:27:35.921Z] [96m[INFO]: Room 18c36554-e12a-4219-a56a-7f2d95908b6c match has ended[0m
[95m[2024-05-06T14:27:35.922Z] [93m[WARN]: Deleting room 18c36554-e12a-4219-a56a-7f2d95908b6c[0m
[95m[2024-05-06T14:35:46.842Z] [96m[INFO]: Received kill signal, shutting down gracefully[0m
[95m[2024-05-06T14:35:51.894Z] [96m[INFO]: HTTP Server listening on port 3000[0m
[95m[2024-05-06T14:35:51.911Z] [96m[INFO]: Connected to MongoDB[0m
[95m[2024-05-06T14:35:58.890Z] [96m[INFO]: Received join message from socket _34c6KUMz-oMJhrsAAAB[0m
[95m[2024-05-06T14:35:58.895Z] [96m[INFO]: User with nickname alex has been validated.[0m
[95m[2024-05-06T14:35:58.896Z] [93m[WARN]: No rooms available, creating new one...[0m
[95m[2024-05-06T14:35:58.896Z] [96m[INFO]: Room ea42f117-39f2-443a-8ce0-06e5d18d6d97 match starting in 5000 ms.[0m
[95m[2024-05-06T14:35:58.896Z] [96m[INFO]: Assigned player with nickname alex to room ea42f117-39f2-443a-8ce0-06e5d18d6d97[0m
[95m[2024-05-06T14:36:05.929Z] [96m[INFO]: Room ea42f117-39f2-443a-8ce0-06e5d18d6d97 match has started[0m
[95m[2024-05-06T14:36:46.854Z] [96m[INFO]: HTTP Server listening on port 3000[0m
[95m[2024-05-06T14:36:46.870Z] [96m[INFO]: Connected to MongoDB[0m
[95m[2024-05-06T14:36:51.262Z] [96m[INFO]: Received join message from socket 2SvLi9RSwOXHKIoJAAAB[0m
[95m[2024-05-06T14:36:51.267Z] [96m[INFO]: User with nickname alex has been validated.[0m
[95m[2024-05-06T14:36:51.268Z] [93m[WARN]: No rooms available, creating new one...[0m
[95m[2024-05-06T14:36:51.268Z] [96m[INFO]: Room 3e6362c7-9ac3-496d-a03e-0aaca664183d match starting in 5000 ms.[0m
[95m[2024-05-06T14:36:51.268Z] [96m[INFO]: Assigned player with nickname alex to room 3e6362c7-9ac3-496d-a03e-0aaca664183d[0m
[95m[2024-05-06T14:36:58.302Z] [96m[INFO]: Room 3e6362c7-9ac3-496d-a03e-0aaca664183d match has started[0m
[95m[2024-05-06T14:37:02.876Z] [96m[INFO]: the word AU exists[0m
[95m[2024-05-06T14:37:02.876Z] [96m[INFO]: the lower cased word is au[0m
[95m[2024-05-06T14:37:02.877Z] [96m[INFO]: the letter array is a,e,x,d,o,i,t,n,g,u[0m
[95m[2024-05-06T14:37:02.877Z] [96m[INFO]: evaluating a[0m
[95m[2024-05-06T14:37:02.877Z] [96m[INFO]: evaluating u[0m
[95m[2024-05-06T14:37:02.877Z] [96m[INFO]: all letters are valid for word AU[0m
[95m[2024-05-06T14:37:02.900Z] [91m[ERROR]: Error while updating math 3e6362c7-9ac3-496d-a03e-0aaca664183d words. Iterator value { is not an entry object[0m
[95m[2024-05-06T14:37:05.746Z] [96m[INFO]: the word AU exists[0m
[95m[2024-05-06T14:37:05.746Z] [96m[INFO]: the lower cased word is au[0m
[95m[2024-05-06T14:37:05.747Z] [96m[INFO]: the letter array is a,e,x,d,o,i,t,n,g,u[0m
[95m[2024-05-06T14:37:05.747Z] [96m[INFO]: evaluating a[0m
[95m[2024-05-06T14:37:05.747Z] [96m[INFO]: evaluating u[0m
[95m[2024-05-06T14:37:05.747Z] [96m[INFO]: all letters are valid for word AU[0m
[95m[2024-05-06T14:37:05.768Z] [91m[ERROR]: Error while updating math 3e6362c7-9ac3-496d-a03e-0aaca664183d words. Iterator value { is not an entry object[0m
[95m[2024-05-06T14:37:49.442Z] [96m[INFO]: Room 3e6362c7-9ac3-496d-a03e-0aaca664183d match has ended[0m
[95m[2024-05-06T14:37:49.443Z] [93m[WARN]: Deleting room 3e6362c7-9ac3-496d-a03e-0aaca664183d[0m
[95m[2024-05-06T14:38:40.583Z] [96m[INFO]: Received kill signal, shutting down gracefully[0m
[95m[2024-05-06T14:38:42.250Z] [96m[INFO]: HTTP Server listening on port 3000[0m
[95m[2024-05-06T14:38:42.268Z] [96m[INFO]: Connected to MongoDB[0m
[95m[2024-05-06T14:38:43.658Z] [96m[INFO]: Received join message from socket 51qiZnl_JDVe3KHZAAAB[0m
[95m[2024-05-06T14:38:43.664Z] [96m[INFO]: User with nickname alex has been validated.[0m
[95m[2024-05-06T14:38:43.665Z] [93m[WARN]: No rooms available, creating new one...[0m
[95m[2024-05-06T14:38:43.665Z] [96m[INFO]: Room df5eb914-7305-481a-811b-1b09bc8b21b8 match starting in 5000 ms.[0m
[95m[2024-05-06T14:38:43.665Z] [96m[INFO]: Assigned player with nickname alex to room df5eb914-7305-481a-811b-1b09bc8b21b8[0m
[95m[2024-05-06T14:38:50.690Z] [96m[INFO]: Room df5eb914-7305-481a-811b-1b09bc8b21b8 match has started[0m
[95m[2024-05-06T14:39:00.709Z] [96m[INFO]: the word PEU exists[0m
[95m[2024-05-06T14:39:00.710Z] [96m[INFO]: the lower cased word is peu[0m
[95m[2024-05-06T14:39:00.710Z] [96m[INFO]: the letter array is i,e,p,k,u,o,l,t,c,r[0m
[95m[2024-05-06T14:39:00.710Z] [96m[INFO]: evaluating p[0m
[95m[2024-05-06T14:39:00.710Z] [96m[INFO]: evaluating e[0m
[95m[2024-05-06T14:39:00.710Z] [96m[INFO]: evaluating u[0m
[95m[2024-05-06T14:39:00.710Z] [96m[INFO]: all letters are valid for word PEU[0m
[95m[2024-05-06T14:39:00.828Z] [91m[ERROR]: Error while updating math df5eb914-7305-481a-811b-1b09bc8b21b8 words. Iterator value { is not an entry object[0m
[95m[2024-05-06T14:39:41.893Z] [96m[INFO]: Room df5eb914-7305-481a-811b-1b09bc8b21b8 match has ended[0m
[95m[2024-05-06T14:39:41.894Z] [93m[WARN]: Deleting room df5eb914-7305-481a-811b-1b09bc8b21b8[0m
[95m[2024-05-06T14:41:02.274Z] [96m[INFO]: Received kill signal, shutting down gracefully[0m
[95m[2024-05-06T14:41:04.042Z] [96m[INFO]: HTTP Server listening on port 3000[0m
[95m[2024-05-06T14:41:04.058Z] [96m[INFO]: Connected to MongoDB[0m
[95m[2024-05-06T14:41:05.325Z] [96m[INFO]: Received join message from socket 06hJAVLoLaPfTgHFAAAB[0m
[95m[2024-05-06T14:41:05.330Z] [96m[INFO]: User with nickname alex has been validated.[0m
[95m[2024-05-06T14:41:05.330Z] [93m[WARN]: No rooms available, creating new one...[0m
[95m[2024-05-06T14:41:05.331Z] [96m[INFO]: Room 761578c4-c5d0-4c7e-8f0b-17ede4e0383d match starting in 5000 ms.[0m
[95m[2024-05-06T14:41:05.331Z] [96m[INFO]: Assigned player with nickname alex to room 761578c4-c5d0-4c7e-8f0b-17ede4e0383d[0m
[95m[2024-05-06T14:41:12.356Z] [96m[INFO]: Room 761578c4-c5d0-4c7e-8f0b-17ede4e0383d match has started[0m
[95m[2024-05-06T14:41:23.732Z] [96m[INFO]: the word AU exists[0m
[95m[2024-05-06T14:41:23.733Z] [96m[INFO]: the lower cased word is au[0m
[95m[2024-05-06T14:41:23.733Z] [96m[INFO]: the letter array is i,u,f,a,o,e,h,w,m,[0m
[95m[2024-05-06T14:41:23.733Z] [96m[INFO]: evaluating a[0m
[95m[2024-05-06T14:41:23.733Z] [96m[INFO]: evaluating u[0m
[95m[2024-05-06T14:41:23.733Z] [96m[INFO]: all letters are valid for word AU[0m
[95m[2024-05-06T14:41:29.188Z] [96m[INFO]: the word AU exists[0m
[95m[2024-05-06T14:41:29.189Z] [96m[INFO]: the lower cased word is au[0m
[95m[2024-05-06T14:41:29.189Z] [96m[INFO]: the letter array is i,u,f,a,o,e,h,w,m,[0m
[95m[2024-05-06T14:41:29.189Z] [96m[INFO]: evaluating a[0m
[95m[2024-05-06T14:41:29.189Z] [96m[INFO]: evaluating u[0m
[95m[2024-05-06T14:41:29.189Z] [96m[INFO]: all letters are valid for word AU[0m
[95m[2024-05-06T14:42:03.550Z] [96m[INFO]: Room 761578c4-c5d0-4c7e-8f0b-17ede4e0383d match has ended[0m
[95m[2024-05-06T14:42:03.551Z] [93m[WARN]: Deleting room 761578c4-c5d0-4c7e-8f0b-17ede4e0383d[0m
[95m[2024-05-06T14:44:47.856Z] [96m[INFO]: User with nickname alex has disconnected.[0m
[95m[2024-05-06T14:44:51.062Z] [96m[INFO]: Received kill signal, shutting down gracefully[0m
[95m[2024-05-06T14:44:53.737Z] [96m[INFO]: HTTP Server listening on port 3000[0m
[95m[2024-05-06T14:44:53.764Z] [96m[INFO]: Connected to MongoDB[0m
[95m[2024-05-06T14:44:55.958Z] [96m[INFO]: Received join message from socket qz-eMtED8buYCGiyAAAB[0m
[95m[2024-05-06T14:44:55.964Z] [96m[INFO]: User with nickname alex has been validated.[0m
[95m[2024-05-06T14:44:55.964Z] [93m[WARN]: No rooms available, creating new one...[0m
[95m[2024-05-06T14:44:55.964Z] [96m[INFO]: Room 6947b95c-873b-435a-bbe6-0f3996b4b0fb match starting in 5000 ms.[0m
[95m[2024-05-06T14:44:55.964Z] [96m[INFO]: Assigned player with nickname alex to room 6947b95c-873b-435a-bbe6-0f3996b4b0fb[0m
[95m[2024-05-06T14:45:02.992Z] [96m[INFO]: Room 6947b95c-873b-435a-bbe6-0f3996b4b0fb match has started[0m
[95m[2024-05-06T14:45:07.381Z] [96m[INFO]: the word AU is already found: false[0m
[95m[2024-05-06T14:45:07.381Z] [96m[INFO]: the word AU exists[0m
[95m[2024-05-06T14:45:07.381Z] [96m[INFO]: the lower cased word is au[0m
[95m[2024-05-06T14:45:07.381Z] [96m[INFO]: the letter array is o,e,u,a,x,z,i,s,d,[0m
[95m[2024-05-06T14:45:07.381Z] [96m[INFO]: evaluating a[0m
[95m[2024-05-06T14:45:07.382Z] [96m[INFO]: evaluating u[0m
[95m[2024-05-06T14:45:07.382Z] [96m[INFO]: all letters are valid for word AU[0m
[95m[2024-05-06T14:45:09.086Z] [96m[INFO]: the word AU is already found: false[0m
[95m[2024-05-06T14:45:09.086Z] [96m[INFO]: the word AU exists[0m
[95m[2024-05-06T14:45:09.086Z] [96m[INFO]: the lower cased word is au[0m
[95m[2024-05-06T14:45:09.086Z] [96m[INFO]: the letter array is o,e,u,a,x,z,i,s,d,[0m
[95m[2024-05-06T14:45:09.086Z] [96m[INFO]: evaluating a[0m
[95m[2024-05-06T14:45:09.087Z] [96m[INFO]: evaluating u[0m
[95m[2024-05-06T14:45:09.087Z] [96m[INFO]: all letters are valid for word AU[0m
[95m[2024-05-06T14:45:54.189Z] [96m[INFO]: Room 6947b95c-873b-435a-bbe6-0f3996b4b0fb match has ended[0m
[95m[2024-05-06T14:45:54.189Z] [93m[WARN]: Deleting room 6947b95c-873b-435a-bbe6-0f3996b4b0fb[0m
[95m[2024-05-06T14:46:29.536Z] [96m[INFO]: Received kill signal, shutting down gracefully[0m
[95m[2024-05-06T14:46:31.299Z] [96m[INFO]: HTTP Server listening on port 3000[0m
[95m[2024-05-06T14:46:31.316Z] [96m[INFO]: Connected to MongoDB[0m
[95m[2024-05-06T14:46:32.731Z] [96m[INFO]: Received join message from socket bBK11X0OKKizdqYnAAAB[0m
[95m[2024-05-06T14:46:32.738Z] [96m[INFO]: User with nickname alex has been validated.[0m
[95m[2024-05-06T14:46:32.738Z] [93m[WARN]: No rooms available, creating new one...[0m
[95m[2024-05-06T14:46:32.739Z] [96m[INFO]: Room 5811db58-7674-4b0b-bcf7-062333beae92 match starting in 5000 ms.[0m
[95m[2024-05-06T14:46:32.739Z] [96m[INFO]: Assigned player with nickname alex to room 5811db58-7674-4b0b-bcf7-062333beae92[0m
[95m[2024-05-06T14:46:35.574Z] [93m[WARN]: Received word message but the assigned room match has not started.[0m
[95m[2024-05-06T14:46:39.765Z] [96m[INFO]: Room 5811db58-7674-4b0b-bcf7-062333beae92 match has started[0m
[95m[2024-05-06T14:46:44.999Z] [96m[INFO]: [0m
[95m[2024-05-06T14:46:44.999Z] [96m[INFO]: the word PEU is already found: false[0m
[95m[2024-05-06T14:46:44.999Z] [96m[INFO]: the word PEU exists[0m
[95m[2024-05-06T14:46:45.000Z] [96m[INFO]: the lower cased word is peu[0m
[95m[2024-05-06T14:46:45.000Z] [96m[INFO]: the letter array is e,u,p,a,y,x,i,o,,d[0m
[95m[2024-05-06T14:46:45.000Z] [96m[INFO]: evaluating p[0m
[95m[2024-05-06T14:46:45.000Z] [96m[INFO]: evaluating e[0m
[95m[2024-05-06T14:46:45.000Z] [96m[INFO]: evaluating u[0m
[95m[2024-05-06T14:46:45.000Z] [96m[INFO]: all letters are valid for word PEU[0m
[95m[2024-05-06T14:46:49.084Z] [96m[INFO]: [0m
[95m[2024-05-06T14:46:49.084Z] [96m[INFO]: the word PEU is already found: false[0m
[95m[2024-05-06T14:46:49.084Z] [96m[INFO]: the word PEU exists[0m
[95m[2024-05-06T14:46:49.084Z] [96m[INFO]: the lower cased word is peu[0m
[95m[2024-05-06T14:46:49.084Z] [96m[INFO]: the letter array is e,u,p,a,y,x,i,o,,d[0m
[95m[2024-05-06T14:46:49.084Z] [96m[INFO]: evaluating p[0m
[95m[2024-05-06T14:46:49.084Z] [96m[INFO]: evaluating e[0m
[95m[2024-05-06T14:46:49.084Z] [96m[INFO]: evaluating u[0m
[95m[2024-05-06T14:46:49.084Z] [96m[INFO]: all letters are valid for word PEU[0m
[95m[2024-05-06T14:47:30.962Z] [96m[INFO]: Room 5811db58-7674-4b0b-bcf7-062333beae92 match has ended[0m
[95m[2024-05-06T14:47:30.963Z] [93m[WARN]: Deleting room 5811db58-7674-4b0b-bcf7-062333beae92[0m
[95m[2024-05-06T14:47:53.064Z] [96m[INFO]: Received join message from socket bBK11X0OKKizdqYnAAAB[0m
[95m[2024-05-06T14:47:53.066Z] [96m[INFO]: User with nickname alex has been validated.[0m
[95m[2024-05-06T14:47:53.066Z] [93m[WARN]: No rooms available, creating new one...[0m
[95m[2024-05-06T14:47:53.067Z] [96m[INFO]: Room ac16f436-a1f5-4de6-9808-eb67dc6e9016 match starting in 5000 ms.[0m
[95m[2024-05-06T14:47:53.067Z] [96m[INFO]: Assigned player with nickname alex to room ac16f436-a1f5-4de6-9808-eb67dc6e9016[0m
[95m[2024-05-06T14:48:00.077Z] [96m[INFO]: Room ac16f436-a1f5-4de6-9808-eb67dc6e9016 match has started[0m
[95m[2024-05-06T14:48:03.982Z] [96m[INFO]: [0m
[95m[2024-05-06T14:48:03.982Z] [96m[INFO]: the word AU is already found: false[0m
[95m[2024-05-06T14:48:03.982Z] [96m[INFO]: the word AU exists[0m
[95m[2024-05-06T14:48:03.982Z] [96m[INFO]: the lower cased word is au[0m
[95m[2024-05-06T14:48:03.982Z] [96m[INFO]: the letter array is u,a,o,i,e,w,,g,j,n[0m
[95m[2024-05-06T14:48:03.982Z] [96m[INFO]: evaluating a[0m
[95m[2024-05-06T14:48:03.982Z] [96m[INFO]: evaluating u[0m
[95m[2024-05-06T14:48:03.982Z] [96m[INFO]: all letters are valid for word AU[0m
[95m[2024-05-06T14:48:17.193Z] [96m[INFO]: [0m
[95m[2024-05-06T14:48:17.193Z] [96m[INFO]: the word OU is already found: false[0m
[95m[2024-05-06T14:48:17.193Z] [96m[INFO]: the word OU exists[0m
[95m[2024-05-06T14:48:17.193Z] [96m[INFO]: the lower cased word is ou[0m
[95m[2024-05-06T14:48:17.193Z] [96m[INFO]: the letter array is u,a,o,i,e,w,,g,j,n[0m
[95m[2024-05-06T14:48:17.193Z] [96m[INFO]: evaluating o[0m
[95m[2024-05-06T14:48:17.193Z] [96m[INFO]: evaluating u[0m
[95m[2024-05-06T14:48:17.193Z] [96m[INFO]: all letters are valid for word OU[0m
[95m[2024-05-06T14:48:30.314Z] [96m[INFO]: [0m
[95m[2024-05-06T14:48:30.314Z] [96m[INFO]: the word NO is already found: false[0m
[95m[2024-05-06T14:48:30.314Z] [96m[INFO]: the word NO exists[0m
[95m[2024-05-06T14:48:30.314Z] [96m[INFO]: the lower cased word is no[0m
[95m[2024-05-06T14:48:30.314Z] [96m[INFO]: the letter array is u,a,o,i,e,w,,g,j,n[0m
[95m[2024-05-06T14:48:30.314Z] [96m[INFO]: evaluating n[0m
[95m[2024-05-06T14:48:30.314Z] [96m[INFO]: evaluating o[0m
[95m[2024-05-06T14:48:30.314Z] [96m[INFO]: all letters are valid for word NO[0m
[95m[2024-05-06T14:48:43.702Z] [96m[INFO]: [0m
[95m[2024-05-06T14:48:43.702Z] [96m[INFO]: the word NAU is already found: false[0m
[95m[2024-05-06T14:48:43.702Z] [96m[INFO]: the word NAU exists[0m
[95m[2024-05-06T14:48:43.702Z] [96m[INFO]: the lower cased word is nau[0m
[95m[2024-05-06T14:48:43.702Z] [96m[INFO]: the letter array is u,a,o,i,e,w,,g,j,n[0m
[95m[2024-05-06T14:48:43.703Z] [96m[INFO]: evaluating n[0m
[95m[2024-05-06T14:48:43.703Z] [96m[INFO]: evaluating a[0m
[95m[2024-05-06T14:48:43.703Z] [96m[INFO]: evaluating u[0m
[95m[2024-05-06T14:48:43.703Z] [96m[INFO]: all letters are valid for word NAU[0m
[95m[2024-05-06T14:48:51.126Z] [96m[INFO]: Room ac16f436-a1f5-4de6-9808-eb67dc6e9016 match has ended[0m
[95m[2024-05-06T14:48:51.127Z] [93m[WARN]: Deleting room ac16f436-a1f5-4de6-9808-eb67dc6e9016[0m
[95m[2024-05-06T14:55:49.365Z] [96m[INFO]: Received kill signal, shutting down gracefully[0m
[95m[2024-05-06T14:55:50.976Z] [96m[INFO]: HTTP Server listening on port 3000[0m
[95m[2024-05-06T14:55:50.993Z] [96m[INFO]: Connected to MongoDB[0m
[95m[2024-05-06T14:55:53.367Z] [96m[INFO]: Received join message from socket Wn2jd5Ch8GaH_4GrAAAB[0m
[95m[2024-05-06T14:55:53.373Z] [96m[INFO]: User with nickname alex has been validated.[0m
[95m[2024-05-06T14:55:53.374Z] [93m[WARN]: No rooms available, creating new one...[0m
[95m[2024-05-06T14:55:53.374Z] [96m[INFO]: Room e01af363-5165-421c-8e6a-f0f2d7054387 match starting in 5000 ms.[0m
[95m[2024-05-06T14:55:53.374Z] [96m[INFO]: Assigned player with nickname alex to room e01af363-5165-421c-8e6a-f0f2d7054387[0m
[95m[2024-05-06T14:55:54.999Z] [93m[WARN]: Received word message but the assigned room match has not started.[0m
[95m[2024-05-06T14:56:00.401Z] [96m[INFO]: Room e01af363-5165-421c-8e6a-f0f2d7054387 match has started[0m
[95m[2024-05-06T14:56:19.830Z] [96m[INFO]: [0m
[95m[2024-05-06T14:56:19.830Z] [96m[INFO]: the word AU is already found: false[0m
[95m[2024-05-06T14:56:19.830Z] [96m[INFO]: the word AU exists[0m
[95m[2024-05-06T14:56:19.830Z] [96m[INFO]: the lower cased word is au[0m
[95m[2024-05-06T14:56:19.830Z] [96m[INFO]: the letter array is u,e,x,m,p,i,j,l,o,a[0m
[95m[2024-05-06T14:56:19.830Z] [96m[INFO]: evaluating a[0m
[95m[2024-05-06T14:56:19.830Z] [96m[INFO]: evaluating u[0m
[95m[2024-05-06T14:56:19.830Z] [96m[INFO]: all letters are valid for word AU[0m
[95m[2024-05-06T14:56:19.855Z] [96m[INFO]: {
  _id: new ObjectId('6638ef80c52fb310404630ba'),
  matchId: 'e01af363-5165-421c-8e6a-f0f2d7054387',
  language: 'catalan',
  letters: [
    'u', 'e', 'x', 'm',
    'p', 'i', 'j', 'l',
    'o', 'a'
  ],
  words: [],
  userScores: Map(1) { 'alex' => 0 },
  startDate: '2024-05-06T16:56:00.397Z',
  endDate: null,
  __v: 0
}[0m
[95m[2024-05-06T14:56:51.602Z] [96m[INFO]: Room e01af363-5165-421c-8e6a-f0f2d7054387 match has ended[0m
[95m[2024-05-06T14:56:51.603Z] [93m[WARN]: Deleting room e01af363-5165-421c-8e6a-f0f2d7054387[0m
[95m[2024-05-06T15:00:35.436Z] [96m[INFO]: Received kill signal, shutting down gracefully[0m
[95m[2024-05-06T15:00:39.062Z] [96m[INFO]: HTTP Server listening on port 3000[0m
[95m[2024-05-06T15:00:39.078Z] [96m[INFO]: Connected to MongoDB[0m
[95m[2024-05-06T15:00:42.436Z] [96m[INFO]: Received join message from socket datxe3WgD7nLGCUZAAAB[0m
[95m[2024-05-06T15:00:42.441Z] [96m[INFO]: User with nickname alex has been validated.[0m
[95m[2024-05-06T15:00:42.441Z] [93m[WARN]: No rooms available, creating new one...[0m
[95m[2024-05-06T15:00:42.441Z] [96m[INFO]: Room 374ba678-0676-428d-8321-1c51889efd55 match starting in 5000 ms.[0m
[95m[2024-05-06T15:00:42.441Z] [96m[INFO]: Assigned player with nickname alex to room 374ba678-0676-428d-8321-1c51889efd55[0m
[95m[2024-05-06T15:00:49.473Z] [96m[INFO]: Room 374ba678-0676-428d-8321-1c51889efd55 match has started[0m
[95m[2024-05-06T15:01:01.985Z] [96m[INFO]: [0m
[95m[2024-05-06T15:01:01.985Z] [96m[INFO]: the word NO is already found: false[0m
[95m[2024-05-06T15:01:01.985Z] [96m[INFO]: the word NO exists[0m
[95m[2024-05-06T15:01:01.985Z] [96m[INFO]: the lower cased word is no[0m
[95m[2024-05-06T15:01:01.985Z] [96m[INFO]: the letter array is e,u,t,i,n,r,a,o,,[0m
[95m[2024-05-06T15:01:01.985Z] [96m[INFO]: evaluating n[0m
[95m[2024-05-06T15:01:01.985Z] [96m[INFO]: evaluating o[0m
[95m[2024-05-06T15:01:01.985Z] [96m[INFO]: all letters are valid for word NO[0m
[95m[2024-05-06T15:01:02.096Z] [96m[INFO]: {
  _id: new ObjectId('6638f0a19a42ab023b0243f7'),
  matchId: '374ba678-0676-428d-8321-1c51889efd55',
  language: 'catalan',
  letters: [
    'e',  'u', 't',
    'i',  'n', 'r',
    'a',  'o', null,
    null
  ],
  words: [],
  userScores: Map(1) { 'alex' => 0 },
  startDate: '2024-05-06T17:00:49.469Z',
  endDate: null,
  __v: 0
}[0m
[95m[2024-05-06T15:01:02.098Z] [91m[ERROR]: Error while updating match 374ba678-0676-428d-8321-1c51889efd55 words. Cannot read properties of undefined (reading 'push')[0m
[95m[2024-05-06T15:01:40.690Z] [96m[INFO]: Room 374ba678-0676-428d-8321-1c51889efd55 match has ended[0m
[95m[2024-05-06T15:01:40.691Z] [93m[WARN]: Deleting room 374ba678-0676-428d-8321-1c51889efd55[0m
[95m[2024-05-06T15:04:32.570Z] [96m[INFO]: Received kill signal, shutting down gracefully[0m
[95m[2024-05-06T15:04:34.331Z] [96m[INFO]: HTTP Server listening on port 3000[0m
[95m[2024-05-06T15:04:34.349Z] [96m[INFO]: Connected to MongoDB[0m
[95m[2024-05-06T15:04:35.849Z] [96m[INFO]: Received join message from socket ndxYyGWbxxW8aloSAAAB[0m
[95m[2024-05-06T15:04:35.863Z] [96m[INFO]: User with nickname alex has been validated.[0m
[95m[2024-05-06T15:04:35.863Z] [93m[WARN]: No rooms available, creating new one...[0m
[95m[2024-05-06T15:04:35.864Z] [96m[INFO]: Room d8b4580f-94ee-45db-9ab7-2b89d37c14a1 match starting in 5000 ms.[0m
[95m[2024-05-06T15:04:35.864Z] [96m[INFO]: Assigned player with nickname alex to room d8b4580f-94ee-45db-9ab7-2b89d37c14a1[0m
[95m[2024-05-06T15:04:42.900Z] [96m[INFO]: Room d8b4580f-94ee-45db-9ab7-2b89d37c14a1 match has started[0m
[95m[2024-05-06T15:04:46.441Z] [91m[ERROR]: Error while checking if AU is already found Cannot read properties of undefined (reading 'type')[0m
[95m[2024-05-06T15:04:46.441Z] [96m[INFO]: the word AU exists[0m
[95m[2024-05-06T15:04:46.442Z] [96m[INFO]: the lower cased word is au[0m
[95m[2024-05-06T15:04:46.442Z] [96m[INFO]: the letter array is e,a,d,o,g,i,u,,c,y[0m
[95m[2024-05-06T15:04:46.442Z] [96m[INFO]: evaluating a[0m
[95m[2024-05-06T15:04:46.442Z] [96m[INFO]: evaluating u[0m
[95m[2024-05-06T15:04:46.442Z] [96m[INFO]: all letters are valid for word AU[0m
[95m[2024-05-06T15:04:46.465Z] [96m[INFO]: {
  _id: new ObjectId('6638f18a3951c30e0dc90d8f'),
  matchId: 'd8b4580f-94ee-45db-9ab7-2b89d37c14a1',
  language: 'catalan',
  letters: [
    'e', 'a',  'd',
    'o', 'g',  'i',
    'u', null, 'c',
    'y'
  ],
  words: [],
  userScores: Map(1) { 'alex' => 0 },
  startDate: '2024-05-06T17:04:42.895Z',
  endDate: null,
  __v: 0
}[0m
[95m[2024-05-06T15:04:46.467Z] [91m[ERROR]: Error while updating match d8b4580f-94ee-45db-9ab7-2b89d37c14a1 words. Cannot read properties of undefined (reading 'push')[0m
[95m[2024-05-06T15:05:34.088Z] [96m[INFO]: Room d8b4580f-94ee-45db-9ab7-2b89d37c14a1 match has ended[0m
[95m[2024-05-06T15:05:34.088Z] [93m[WARN]: Deleting room d8b4580f-94ee-45db-9ab7-2b89d37c14a1[0m
[95m[2024-05-06T15:05:38.736Z] [96m[INFO]: Received kill signal, shutting down gracefully[0m
[95m[2024-05-06T15:05:41.084Z] [96m[INFO]: HTTP Server listening on port 3000[0m
[95m[2024-05-06T15:05:41.111Z] [96m[INFO]: Connected to MongoDB[0m
[95m[2024-05-06T15:05:42.532Z] [96m[INFO]: Received join message from socket 4AjUftgS3AMwZ5oCAAAB[0m
[95m[2024-05-06T15:05:42.544Z] [96m[INFO]: User with nickname alex has been validated.[0m
[95m[2024-05-06T15:05:42.545Z] [93m[WARN]: No rooms available, creating new one...[0m
[95m[2024-05-06T15:05:42.546Z] [96m[INFO]: Room 6eccbd53-24e4-4c70-9467-28f8df866c74 match starting in 5000 ms.[0m
[95m[2024-05-06T15:05:42.546Z] [96m[INFO]: Assigned player with nickname alex to room 6eccbd53-24e4-4c70-9467-28f8df866c74[0m
[95m[2024-05-06T15:05:49.574Z] [96m[INFO]: Room 6eccbd53-24e4-4c70-9467-28f8df866c74 match has started[0m
[95m[2024-05-06T15:05:52.642Z] [96m[INFO]: the word AU is already found: false[0m
[95m[2024-05-06T15:05:52.643Z] [96m[INFO]: the word AU exists[0m
[95m[2024-05-06T15:05:52.643Z] [96m[INFO]: the lower cased word is au[0m
[95m[2024-05-06T15:05:52.643Z] [96m[INFO]: the letter array is o,a,e,u,i,p,,y,,x[0m
[95m[2024-05-06T15:05:52.643Z] [96m[INFO]: evaluating a[0m
[95m[2024-05-06T15:05:52.643Z] [96m[INFO]: evaluating u[0m
[95m[2024-05-06T15:05:52.643Z] [96m[INFO]: all letters are valid for word AU[0m
[95m[2024-05-06T15:05:52.672Z] [91m[ERROR]: Error while updating match 6eccbd53-24e4-4c70-9467-28f8df866c74 words. Cannot read properties of undefined (reading 'type')[0m
[95m[2024-05-06T15:06:40.666Z] [96m[INFO]: Room 6eccbd53-24e4-4c70-9467-28f8df866c74 match has ended[0m
[95m[2024-05-06T15:06:40.671Z] [93m[WARN]: Deleting room 6eccbd53-24e4-4c70-9467-28f8df866c74[0m
[95m[2024-05-06T15:08:35.353Z] [96m[INFO]: Received kill signal, shutting down gracefully[0m
[95m[2024-05-06T15:08:37.291Z] [96m[INFO]: HTTP Server listening on port 3000[0m
[95m[2024-05-06T15:08:37.306Z] [96m[INFO]: Connected to MongoDB[0m
[95m[2024-05-06T15:08:41.362Z] [96m[INFO]: Received join message from socket Dou_ETZ4GGLM22XKAAAB[0m
[95m[2024-05-06T15:08:41.368Z] [96m[INFO]: User with nickname alex has been validated.[0m
[95m[2024-05-06T15:08:41.368Z] [93m[WARN]: No rooms available, creating new one...[0m
[95m[2024-05-06T15:08:41.368Z] [96m[INFO]: Room 25d86d7e-375b-406f-8444-6000103b9f25 match starting in 5000 ms.[0m
[95m[2024-05-06T15:08:41.368Z] [96m[INFO]: Assigned player with nickname alex to room 25d86d7e-375b-406f-8444-6000103b9f25[0m
[95m[2024-05-06T15:08:48.403Z] [96m[INFO]: Room 25d86d7e-375b-406f-8444-6000103b9f25 match has started[0m
[95m[2024-05-06T15:08:55.304Z] [96m[INFO]: the word AU is already found: false[0m
[95m[2024-05-06T15:08:55.304Z] [96m[INFO]: the word AU exists[0m
[95m[2024-05-06T15:08:55.304Z] [96m[INFO]: the lower cased word is au[0m
[95m[2024-05-06T15:08:55.304Z] [96m[INFO]: the letter array is u,o,z,v,i,a,e,h,,[0m
[95m[2024-05-06T15:08:55.304Z] [96m[INFO]: evaluating a[0m
[95m[2024-05-06T15:08:55.305Z] [96m[INFO]: evaluating u[0m
[95m[2024-05-06T15:08:55.305Z] [96m[INFO]: all letters are valid for word AU[0m
[95m[2024-05-06T15:08:55.326Z] [96m[INFO]: undefined[0m
[95m[2024-05-06T15:08:55.326Z] [96m[INFO]: AU[0m
[95m[2024-05-06T15:09:11.206Z] [96m[INFO]: the word AU is already found: false[0m
[95m[2024-05-06T15:09:11.206Z] [96m[INFO]: the word AU exists[0m
[95m[2024-05-06T15:09:11.206Z] [96m[INFO]: the lower cased word is au[0m
[95m[2024-05-06T15:09:11.206Z] [96m[INFO]: the letter array is u,o,z,v,i,a,e,h,,[0m
[95m[2024-05-06T15:09:11.206Z] [96m[INFO]: evaluating a[0m
[95m[2024-05-06T15:09:11.206Z] [96m[INFO]: evaluating u[0m
[95m[2024-05-06T15:09:11.206Z] [96m[INFO]: all letters are valid for word AU[0m
[95m[2024-05-06T15:09:11.231Z] [96m[INFO]: undefined[0m
[95m[2024-05-06T15:09:11.232Z] [96m[INFO]: AU[0m
[95m[2024-05-06T15:09:39.611Z] [96m[INFO]: Room 25d86d7e-375b-406f-8444-6000103b9f25 match has ended[0m
[95m[2024-05-06T15:09:39.612Z] [93m[WARN]: Deleting room 25d86d7e-375b-406f-8444-6000103b9f25[0m
[95m[2024-05-06T15:11:26.522Z] [96m[INFO]: Received kill signal, shutting down gracefully[0m
[95m[2024-05-06T15:11:27.956Z] [96m[INFO]: HTTP Server listening on port 3000[0m
[95m[2024-05-06T15:11:27.975Z] [96m[INFO]: Connected to MongoDB[0m
[95m[2024-05-06T15:11:30.452Z] [96m[INFO]: Received join message from socket iQOSkjs-PGFmA5J8AAAB[0m
[95m[2024-05-06T15:11:30.458Z] [96m[INFO]: User with nickname alex has been validated.[0m
[95m[2024-05-06T15:11:30.458Z] [93m[WARN]: No rooms available, creating new one...[0m
[95m[2024-05-06T15:11:30.459Z] [96m[INFO]: Room 187a5e6a-274e-4e73-b5e4-d86ca04d2d13 match starting in 5000 ms.[0m
[95m[2024-05-06T15:11:30.459Z] [96m[INFO]: Assigned player with nickname alex to room 187a5e6a-274e-4e73-b5e4-d86ca04d2d13[0m
[95m[2024-05-06T15:11:37.483Z] [96m[INFO]: vowel array a,i,o,u,  consonant array b,c,d,f,g,h,j,k,l,m,n,p,q,r,s,t,v,w,x,y,z[0m
[95m[2024-05-06T15:11:37.483Z] [96m[INFO]: vowel array a,o,u,  consonant array b,c,d,f,g,h,j,k,l,m,n,p,q,r,s,t,v,w,x,y,z[0m
[95m[2024-05-06T15:11:37.484Z] [96m[INFO]: vowel array a,o,u,  consonant array b,d,f,g,h,j,k,l,m,n,p,q,r,s,t,v,w,x,y,z[0m
[95m[2024-05-06T15:11:37.484Z] [96m[INFO]: vowel array a,o,u,  consonant array b,d,f,g,h,j,k,l,m,n,p,q,r,s,t,w,x,y,z[0m
[95m[2024-05-06T15:11:37.484Z] [96m[INFO]: vowel array a,o,u,  consonant array b,f,g,h,j,k,l,m,n,p,q,r,s,t,w,x,y,z[0m
[95m[2024-05-06T15:11:37.484Z] [96m[INFO]: vowel array a,o,u,  consonant array b,f,g,h,j,k,l,m,n,p,q,r,s,t,w,x,z[0m
[95m[2024-05-06T15:11:37.484Z] [96m[INFO]: vowel array a,o,u,  consonant array b,f,g,h,j,k,l,m,n,p,q,r,s,w,x,z[0m
[95m[2024-05-06T15:11:37.484Z] [96m[INFO]: vowel array a,o,u,  consonant array b,f,g,h,j,k,l,m,n,p,q,r,s,w,z[0m
[95m[2024-05-06T15:11:37.484Z] [96m[INFO]: vowel array a,u,  consonant array b,f,g,h,j,k,l,m,n,p,q,r,s,w,z[0m
[95m[2024-05-06T15:11:37.484Z] [96m[INFO]: vowel array a,u,  consonant array b,f,g,h,k,l,m,n,p,q,r,s,w,z[0m
[95m[2024-05-06T15:11:37.487Z] [96m[INFO]: Room 187a5e6a-274e-4e73-b5e4-d86ca04d2d13 match has started[0m
[95m[2024-05-06T15:12:04.189Z] [96m[INFO]: the word VEI is already found: false[0m
[95m[2024-05-06T15:12:04.189Z] [96m[INFO]: the word VEI exists[0m
[95m[2024-05-06T15:12:04.189Z] [96m[INFO]: the lower cased word is vei[0m
[95m[2024-05-06T15:12:04.190Z] [96m[INFO]: the letter array is e,i,c,v,d,y,t,x,o,j[0m
[95m[2024-05-06T15:12:04.190Z] [96m[INFO]: evaluating v[0m
[95m[2024-05-06T15:12:04.190Z] [96m[INFO]: evaluating e[0m
[95m[2024-05-06T15:12:04.190Z] [96m[INFO]: evaluating i[0m
[95m[2024-05-06T15:12:04.190Z] [96m[INFO]: all letters are valid for word VEI[0m
[95m[2024-05-06T15:12:04.341Z] [96m[INFO]: undefined[0m
[95m[2024-05-06T15:12:04.341Z] [96m[INFO]: VEI[0m
[95m[2024-05-06T15:12:11.651Z] [96m[INFO]: the word VEI is already found: false[0m
[95m[2024-05-06T15:12:11.651Z] [96m[INFO]: the word VEI exists[0m
[95m[2024-05-06T15:12:11.651Z] [96m[INFO]: the lower cased word is vei[0m
[95m[2024-05-06T15:12:11.651Z] [96m[INFO]: the letter array is e,i,c,v,d,y,t,x,o,j[0m
[95m[2024-05-06T15:12:11.651Z] [96m[INFO]: evaluating v[0m
[95m[2024-05-06T15:12:11.651Z] [96m[INFO]: evaluating e[0m
[95m[2024-05-06T15:12:11.651Z] [96m[INFO]: evaluating i[0m
[95m[2024-05-06T15:12:11.651Z] [96m[INFO]: all letters are valid for word VEI[0m
[95m[2024-05-06T15:12:11.796Z] [96m[INFO]: undefined[0m
[95m[2024-05-06T15:12:11.796Z] [96m[INFO]: VEI[0m
[95m[2024-05-06T15:12:28.689Z] [96m[INFO]: Room 187a5e6a-274e-4e73-b5e4-d86ca04d2d13 match has ended[0m
[95m[2024-05-06T15:12:28.690Z] [93m[WARN]: Deleting room 187a5e6a-274e-4e73-b5e4-d86ca04d2d13[0m
[95m[2024-05-06T15:13:29.048Z] [96m[INFO]: Received kill signal, shutting down gracefully[0m
[95m[2024-05-06T15:13:30.782Z] [96m[INFO]: HTTP Server listening on port 3000[0m
[95m[2024-05-06T15:13:30.816Z] [96m[INFO]: Connected to MongoDB[0m
[95m[2024-05-06T15:13:37.205Z] [96m[INFO]: Received join message from socket JXqshpwm9kYFGR5AAAAB[0m
[95m[2024-05-06T15:13:37.209Z] [96m[INFO]: User with nickname alex has been validated.[0m
[95m[2024-05-06T15:13:37.210Z] [93m[WARN]: No rooms available, creating new one...[0m
[95m[2024-05-06T15:13:37.210Z] [96m[INFO]: Room c7dedeb7-c1e4-4fe2-8eda-7676306d7dd1 match starting in 5000 ms.[0m
[95m[2024-05-06T15:13:37.210Z] [96m[INFO]: Assigned player with nickname alex to room c7dedeb7-c1e4-4fe2-8eda-7676306d7dd1[0m
[95m[2024-05-06T15:13:44.230Z] [96m[INFO]: vowel array a,e,i,u,  consonant array b,c,d,f,g,h,j,k,l,m,n,p,q,r,s,t,v,w,x,y,z[0m
[95m[2024-05-06T15:13:44.231Z] [96m[INFO]: vowel array a,e,i,  consonant array b,c,d,f,g,h,j,k,l,m,n,p,q,r,s,t,v,w,x,y,z[0m
[95m[2024-05-06T15:13:44.231Z] [96m[INFO]: vowel array a,e,i,  consonant array b,c,d,f,g,h,j,k,l,m,n,p,q,r,s,t,w,x,y,z[0m
[95m[2024-05-06T15:13:44.231Z] [96m[INFO]: vowel array a,e,i,  consonant array b,c,d,f,g,h,j,k,l,m,n,p,q,r,t,w,x,y,z[0m
[95m[2024-05-06T15:13:44.231Z] [96m[INFO]: vowel array a,e,i,  consonant array b,c,d,f,g,h,j,k,l,m,n,p,r,t,w,x,y,z[0m
[95m[2024-05-06T15:13:44.231Z] [96m[INFO]: vowel array a,e,  consonant array b,c,d,f,g,h,j,k,l,m,n,p,r,t,w,x,y,z[0m
[95m[2024-05-06T15:13:44.231Z] [96m[INFO]: vowel array a,e,  consonant array b,c,d,f,g,h,j,k,l,n,p,r,t,w,x,y,z[0m
[95m[2024-05-06T15:13:44.231Z] [96m[INFO]: vowel array a,e,  consonant array b,c,d,f,g,h,j,k,l,n,p,r,w,x,y,z[0m
[95m[2024-05-06T15:13:44.231Z] [96m[INFO]: vowel array a,e,  consonant array c,d,f,g,h,j,k,l,n,p,r,w,x,y,z[0m
[95m[2024-05-06T15:13:44.231Z] [96m[INFO]: vowel array a,e,  consonant array c,d,f,g,h,j,k,l,n,r,w,x,y,z[0m
[95m[2024-05-06T15:13:44.234Z] [96m[INFO]: Room c7dedeb7-c1e4-4fe2-8eda-7676306d7dd1 match has started[0m
[95m[2024-05-06T15:13:49.018Z] [96m[INFO]: the word OU is already found: false[0m
[95m[2024-05-06T15:13:49.018Z] [96m[INFO]: the word OU exists[0m
[95m[2024-05-06T15:13:49.019Z] [96m[INFO]: the lower cased word is ou[0m
[95m[2024-05-06T15:13:49.019Z] [96m[INFO]: the letter array is o,u,v,s,q,i,m,t,b,p[0m
[95m[2024-05-06T15:13:49.019Z] [96m[INFO]: evaluating o[0m
[95m[2024-05-06T15:13:49.019Z] [96m[INFO]: evaluating u[0m
[95m[2024-05-06T15:13:49.019Z] [96m[INFO]: all letters are valid for word OU[0m
[95m[2024-05-06T15:13:49.131Z] [96m[INFO]: the match found words are: undefined[0m
[95m[2024-05-06T15:13:49.131Z] [96m[INFO]: the new match found words are: OU[0m
[95m[2024-05-06T15:13:57.611Z] [96m[INFO]: the word OU is already found: false[0m
[95m[2024-05-06T15:13:57.611Z] [96m[INFO]: the word OU exists[0m
[95m[2024-05-06T15:13:57.611Z] [96m[INFO]: the lower cased word is ou[0m
[95m[2024-05-06T15:13:57.611Z] [96m[INFO]: the letter array is o,u,v,s,q,i,m,t,b,p[0m
[95m[2024-05-06T15:13:57.611Z] [96m[INFO]: evaluating o[0m
[95m[2024-05-06T15:13:57.611Z] [96m[INFO]: evaluating u[0m
[95m[2024-05-06T15:13:57.611Z] [96m[INFO]: all letters are valid for word OU[0m
[95m[2024-05-06T15:13:57.726Z] [96m[INFO]: the match found words are: undefined[0m
[95m[2024-05-06T15:13:57.726Z] [96m[INFO]: the new match found words are: OU[0m
[95m[2024-05-06T15:14:35.422Z] [96m[INFO]: Room c7dedeb7-c1e4-4fe2-8eda-7676306d7dd1 match has ended[0m
[95m[2024-05-06T15:14:35.423Z] [93m[WARN]: Deleting room c7dedeb7-c1e4-4fe2-8eda-7676306d7dd1[0m
[95m[2024-05-06T15:15:17.091Z] [96m[INFO]: Received kill signal, shutting down gracefully[0m
[95m[2024-05-06T15:15:19.498Z] [96m[INFO]: HTTP Server listening on port 3000[0m
[95m[2024-05-06T15:15:19.515Z] [96m[INFO]: Connected to MongoDB[0m
[95m[2024-05-06T15:15:21.236Z] [96m[INFO]: Received join message from socket j5XoH873vdVc5cYKAAAB[0m
[95m[2024-05-06T15:15:21.244Z] [96m[INFO]: User with nickname alex has been validated.[0m
[95m[2024-05-06T15:15:21.244Z] [93m[WARN]: No rooms available, creating new one...[0m
[95m[2024-05-06T15:15:21.245Z] [96m[INFO]: Room 1a6a175d-e356-46ef-8e80-1f64fd1a7748 match starting in 5000 ms.[0m
[95m[2024-05-06T15:15:21.245Z] [96m[INFO]: Assigned player with nickname alex to room 1a6a175d-e356-46ef-8e80-1f64fd1a7748[0m
[95m[2024-05-06T15:15:28.271Z] [96m[INFO]: vowel array a,e,i,o,  consonant array b,c,d,f,g,h,j,k,l,m,n,p,q,r,s,t,v,w,x,y,z[0m
[95m[2024-05-06T15:15:28.272Z] [96m[INFO]: vowel array e,i,o,  consonant array b,c,d,f,g,h,j,k,l,m,n,p,q,r,s,t,v,w,x,y,z[0m
[95m[2024-05-06T15:15:28.272Z] [96m[INFO]: vowel array e,i,o,  consonant array b,c,d,g,h,j,k,l,m,n,p,q,r,s,t,v,w,x,y,z[0m
[95m[2024-05-06T15:15:28.272Z] [96m[INFO]: vowel array e,i,o,  consonant array b,d,g,h,j,k,l,m,n,p,q,r,s,t,v,w,x,y,z[0m
[95m[2024-05-06T15:15:28.272Z] [96m[INFO]: vowel array e,o,  consonant array b,d,g,h,j,k,l,m,n,p,q,r,s,t,v,w,x,y,z[0m
[95m[2024-05-06T15:15:28.272Z] [96m[INFO]: vowel array e,  consonant array b,d,g,h,j,k,l,m,n,p,q,r,s,t,v,w,x,y,z[0m
[95m[2024-05-06T15:15:28.272Z] [96m[INFO]: vowel array e,  consonant array b,g,h,j,k,l,m,n,p,q,r,s,t,v,w,x,y,z[0m
[95m[2024-05-06T15:15:28.272Z] [96m[INFO]: vowel array e,  consonant array b,g,j,k,l,m,n,p,q,r,s,t,v,w,x,y,z[0m
[95m[2024-05-06T15:15:28.273Z] [96m[INFO]: vowel array e,  consonant array b,g,j,k,l,m,n,p,q,s,t,v,w,x,y,z[0m
[95m[2024-05-06T15:15:28.273Z] [96m[INFO]: vowel array e,  consonant array b,g,j,k,l,m,n,p,q,s,t,v,x,y,z[0m
[95m[2024-05-06T15:15:28.277Z] [96m[INFO]: Room 1a6a175d-e356-46ef-8e80-1f64fd1a7748 match has started[0m
[95m[2024-05-06T15:15:35.014Z] [96m[INFO]: the word AU is already found: false[0m
[95m[2024-05-06T15:15:35.015Z] [96m[INFO]: the word AU exists[0m
[95m[2024-05-06T15:15:35.015Z] [96m[INFO]: the lower cased word is au[0m
[95m[2024-05-06T15:15:35.015Z] [96m[INFO]: the letter array is u,a,f,c,i,o,d,h,r,w[0m
[95m[2024-05-06T15:15:35.015Z] [96m[INFO]: evaluating a[0m
[95m[2024-05-06T15:15:35.015Z] [96m[INFO]: evaluating u[0m
[95m[2024-05-06T15:15:35.015Z] [96m[INFO]: all letters are valid for word AU[0m
[95m[2024-05-06T15:15:35.036Z] [96m[INFO]: the match found words are: [0m
[95m[2024-05-06T15:15:35.036Z] [96m[INFO]: the new match found words are: AU[0m
[95m[2024-05-06T15:15:37.574Z] [96m[INFO]: the word AU is already found: false[0m
[95m[2024-05-06T15:15:37.574Z] [96m[INFO]: the word AU exists[0m
[95m[2024-05-06T15:15:37.574Z] [96m[INFO]: the lower cased word is au[0m
[95m[2024-05-06T15:15:37.574Z] [96m[INFO]: the letter array is u,a,f,c,i,o,d,h,r,w[0m
[95m[2024-05-06T15:15:37.574Z] [96m[INFO]: evaluating a[0m
[95m[2024-05-06T15:15:37.574Z] [96m[INFO]: evaluating u[0m
[95m[2024-05-06T15:15:37.574Z] [96m[INFO]: all letters are valid for word AU[0m
[95m[2024-05-06T15:15:37.599Z] [96m[INFO]: the match found words are: AU[0m
[95m[2024-05-06T15:15:37.599Z] [96m[INFO]: the new match found words are: AU,AU[0m
[95m[2024-05-06T15:16:19.478Z] [96m[INFO]: Room 1a6a175d-e356-46ef-8e80-1f64fd1a7748 match has ended[0m
[95m[2024-05-06T15:16:19.478Z] [93m[WARN]: Deleting room 1a6a175d-e356-46ef-8e80-1f64fd1a7748[0m
[95m[2024-05-06T15:18:43.715Z] [96m[INFO]: Received kill signal, shutting down gracefully[0m
[95m[2024-05-06T15:18:45.512Z] [96m[INFO]: HTTP Server listening on port 3000[0m
[95m[2024-05-06T15:18:45.528Z] [96m[INFO]: Connected to MongoDB[0m
[95m[2024-05-06T15:18:48.258Z] [96m[INFO]: Received join message from socket a4uyBvRo6lb8E5YQAAAB[0m
[95m[2024-05-06T15:18:48.265Z] [96m[INFO]: User with nickname alex has been validated.[0m
[95m[2024-05-06T15:18:48.265Z] [93m[WARN]: No rooms available, creating new one...[0m
[95m[2024-05-06T15:18:48.266Z] [96m[INFO]: Room a5a7a5fb-63f3-45ce-a86e-ea1785781a50 match starting in 5000 ms.[0m
[95m[2024-05-06T15:18:48.266Z] [96m[INFO]: Assigned player with nickname alex to room a5a7a5fb-63f3-45ce-a86e-ea1785781a50[0m
[95m[2024-05-06T15:18:55.295Z] [96m[INFO]: vowel array a,i,o,u,  consonant array b,c,d,f,g,h,j,k,l,m,n,p,q,r,s,t,v,w,x,y,z[0m
[95m[2024-05-06T15:18:55.295Z] [96m[INFO]: vowel array a,o,u,  consonant array b,c,d,f,g,h,j,k,l,m,n,p,q,r,s,t,v,w,x,y,z[0m
[95m[2024-05-06T15:18:55.295Z] [96m[INFO]: vowel array a,o,u,  consonant array b,c,d,f,g,h,k,l,m,n,p,q,r,s,t,v,w,x,y,z[0m
[95m[2024-05-06T15:18:55.295Z] [96m[INFO]: vowel array a,o,u,  consonant array b,c,d,f,g,h,k,m,n,p,q,r,s,t,v,w,x,y,z[0m
[95m[2024-05-06T15:18:55.295Z] [96m[INFO]: vowel array a,o,u,  consonant array b,c,d,f,g,h,k,m,n,p,r,s,t,v,w,x,y,z[0m
[95m[2024-05-06T15:18:55.295Z] [96m[INFO]: vowel array a,o,u,  consonant array b,c,d,f,g,h,k,m,p,r,s,t,v,w,x,y,z[0m
[95m[2024-05-06T15:18:55.295Z] [96m[INFO]: vowel array a,o,u,  consonant array b,c,d,f,g,h,k,m,p,s,t,v,w,x,y,z[0m
[95m[2024-05-06T15:18:55.295Z] [96m[INFO]: vowel array a,o,u,  consonant array b,c,d,f,g,h,k,p,s,t,v,w,x,y,z[0m
[95m[2024-05-06T15:18:55.295Z] [96m[INFO]: vowel array a,o,  consonant array b,c,d,f,g,h,k,p,s,t,v,w,x,y,z[0m
[95m[2024-05-06T15:18:55.295Z] [96m[INFO]: vowel array o,  consonant array b,c,d,f,g,h,k,p,s,t,v,w,x,y,z[0m
[95m[2024-05-06T15:18:55.299Z] [96m[INFO]: Room a5a7a5fb-63f3-45ce-a86e-ea1785781a50 match has started[0m
[95m[2024-05-06T15:19:01.672Z] [96m[INFO]: the word NAU is already found: false[0m
[95m[2024-05-06T15:19:01.672Z] [96m[INFO]: the word NAU exists[0m
[95m[2024-05-06T15:19:01.672Z] [96m[INFO]: the lower cased word is nau[0m
[95m[2024-05-06T15:19:01.672Z] [96m[INFO]: the letter array is e,i,j,l,q,n,r,m,u,a[0m
[95m[2024-05-06T15:19:01.672Z] [96m[INFO]: evaluating n[0m
[95m[2024-05-06T15:19:01.672Z] [96m[INFO]: evaluating a[0m
[95m[2024-05-06T15:19:01.672Z] [96m[INFO]: evaluating u[0m
[95m[2024-05-06T15:19:01.672Z] [96m[INFO]: all letters are valid for word NAU[0m
[95m[2024-05-06T15:19:01.784Z] [96m[INFO]: the match found words are: [0m
[95m[2024-05-06T15:19:01.785Z] [96m[INFO]: the new match found words are: NAU[0m
[95m[2024-05-06T15:19:04.877Z] [96m[INFO]: the word NAU is already found: true[0m
[95m[2024-05-06T15:19:46.474Z] [96m[INFO]: Room a5a7a5fb-63f3-45ce-a86e-ea1785781a50 match has ended[0m
[95m[2024-05-06T15:19:46.475Z] [93m[WARN]: Deleting room a5a7a5fb-63f3-45ce-a86e-ea1785781a50[0m
[95m[2024-05-06T15:21:09.836Z] [96m[INFO]: Received kill signal, shutting down gracefully[0m
